<?xml version="1.0" encoding="UTF-8"?>
<testsuite name="com.jung.service.CompareCartServiceTest" tests="9" skipped="0" failures="0" errors="0" timestamp="2023-05-08T06:33:06" hostname="0275.local" time="0.07">
  <properties/>
  <testcase name="비교카트 상품제거(없는 상품제거시)" classname="com.jung.service.CompareCartServiceTest" time="0.009"/>
  <testcase name="비교카트 비우기" classname="com.jung.service.CompareCartServiceTest" time="0.008"/>
  <testcase name="비교카트 검색" classname="com.jung.service.CompareCartServiceTest" time="0.005"/>
  <testcase name="비교카트 중복 생성" classname="com.jung.service.CompareCartServiceTest" time="0.004"/>
  <testcase name="비교카트 상품추가" classname="com.jung.service.CompareCartServiceTest" time="0.006"/>
  <testcase name="비교카트 삭제" classname="com.jung.service.CompareCartServiceTest" time="0.01"/>
  <testcase name="비교카트 생성" classname="com.jung.service.CompareCartServiceTest" time="0.007"/>
  <testcase name="비교카트 상품추가(중복)" classname="com.jung.service.CompareCartServiceTest" time="0.009"/>
  <testcase name="비교카트 상품제거" classname="com.jung.service.CompareCartServiceTest" time="0.009"/>
  <system-out><![CDATA[2023-05-08 15:33:01.188  INFO 78227 --- [    Test worker] .b.t.c.SpringBootTestContextBootstrapper : Neither @ContextConfiguration nor @ContextHierarchy found for test class [com.jung.service.CompareCartServiceTest], using SpringBootContextLoader
2023-05-08 15:33:01.188  INFO 78227 --- [    Test worker] o.s.t.c.support.AbstractContextLoader    : Could not detect default resource locations for test class [com.jung.service.CompareCartServiceTest]: no resource found for suffixes {-context.xml, Context.groovy}.
2023-05-08 15:33:01.188  INFO 78227 --- [    Test worker] t.c.s.AnnotationConfigContextLoaderUtils : Could not detect default configuration classes for test class [com.jung.service.CompareCartServiceTest]: CompareCartServiceTest does not declare any static, non-private, non-final, nested classes annotated with @Configuration.
2023-05-08 15:33:01.193  INFO 78227 --- [    Test worker] .b.t.c.SpringBootTestContextBootstrapper : Found @SpringBootConfiguration com.jung.CompareCartApplication for test class com.jung.service.CompareCartServiceTest
2023-05-08 15:33:01.194  INFO 78227 --- [    Test worker] .b.t.c.SpringBootTestContextBootstrapper : Loaded default TestExecutionListener class names from location [META-INF/spring.factories]: [org.springframework.boot.test.autoconfigure.restdocs.RestDocsTestExecutionListener, org.springframework.boot.test.autoconfigure.web.client.MockRestServiceServerResetTestExecutionListener, org.springframework.boot.test.autoconfigure.web.servlet.MockMvcPrintOnlyOnFailureTestExecutionListener, org.springframework.boot.test.autoconfigure.web.servlet.WebDriverTestExecutionListener, org.springframework.boot.test.autoconfigure.webservices.client.MockWebServiceServerTestExecutionListener, org.springframework.boot.test.mock.mockito.MockitoTestExecutionListener, org.springframework.boot.test.mock.mockito.ResetMocksTestExecutionListener, org.springframework.test.context.web.ServletTestExecutionListener, org.springframework.test.context.support.DirtiesContextBeforeModesTestExecutionListener, org.springframework.test.context.event.ApplicationEventsTestExecutionListener, org.springframework.test.context.support.DependencyInjectionTestExecutionListener, org.springframework.test.context.support.DirtiesContextTestExecutionListener, org.springframework.test.context.transaction.TransactionalTestExecutionListener, org.springframework.test.context.jdbc.SqlScriptsTestExecutionListener, org.springframework.test.context.event.EventPublishingTestExecutionListener]
2023-05-08 15:33:01.195  INFO 78227 --- [    Test worker] .b.t.c.SpringBootTestContextBootstrapper : Using TestExecutionListeners: [org.springframework.test.context.web.ServletTestExecutionListener@20c8dfa0, org.springframework.test.context.support.DirtiesContextBeforeModesTestExecutionListener@204ea708, org.springframework.test.context.event.ApplicationEventsTestExecutionListener@42cc17cf, org.springframework.boot.test.mock.mockito.MockitoTestExecutionListener@63c930d7, org.springframework.boot.test.autoconfigure.SpringBootDependencyInjectionTestExecutionListener@51ac6d1, org.springframework.test.context.support.DirtiesContextTestExecutionListener@50b9579d, org.springframework.test.context.transaction.TransactionalTestExecutionListener@7269502a, org.springframework.test.context.jdbc.SqlScriptsTestExecutionListener@588c9938, org.springframework.test.context.event.EventPublishingTestExecutionListener@b73e0b6, org.springframework.boot.test.autoconfigure.restdocs.RestDocsTestExecutionListener@116c5bfa, org.springframework.boot.test.autoconfigure.web.client.MockRestServiceServerResetTestExecutionListener@29bcb1fd, org.springframework.boot.test.autoconfigure.web.servlet.MockMvcPrintOnlyOnFailureTestExecutionListener@1545a8ab, org.springframework.boot.test.autoconfigure.web.servlet.WebDriverTestExecutionListener@1a79ce5, org.springframework.boot.test.autoconfigure.webservices.client.MockWebServiceServerTestExecutionListener@7267a4a0, org.springframework.boot.test.mock.mockito.ResetMocksTestExecutionListener@3e98c048]

  .   ____          _            __ _ _
 /\\ / ___'_ __ _ _(_)_ __  __ _ \ \ \ \
( ( )\___ | '_ | '_| | '_ \/ _` | \ \ \ \
 \\/  ___)| |_)| | | | | || (_| |  ) ) ) )
  '  |____| .__|_| |_|_| |_\__, | / / / /
 =========|_|==============|___/=/_/_/_/
 :: Spring Boot ::                (v2.7.0)

2023-05-08 15:33:06.218  INFO 78227 --- [    Test worker] com.jung.service.CompareCartServiceTest  : Starting CompareCartServiceTest using Java 19.0.1 on 0275.local with PID 78227 (started by zeropaybiz in /Users/zeropaybiz/workspace/low_price_web_service/module-comparecart)
2023-05-08 15:33:06.218  INFO 78227 --- [    Test worker] com.jung.service.CompareCartServiceTest  : No active profile set, falling back to 1 default profile: "default"
2023-05-08 15:33:06.310  INFO 78227 --- [    Test worker] .s.d.r.c.RepositoryConfigurationDelegate : Multiple Spring Data modules found, entering strict repository configuration mode!
2023-05-08 15:33:06.310  INFO 78227 --- [    Test worker] .s.d.r.c.RepositoryConfigurationDelegate : Bootstrapping Spring Data JPA repositories in DEFAULT mode.
2023-05-08 15:33:06.313  INFO 78227 --- [    Test worker] .RepositoryConfigurationExtensionSupport : Spring Data JPA - Could not safely identify store assignment for repository candidate interface com.jung.domain.product.ProductRepository. If you want this repository to be a JPA repository, consider annotating your entities with one of these annotations: javax.persistence.Entity, javax.persistence.MappedSuperclass (preferred), or consider extending one of the following types with your repository: org.springframework.data.jpa.repository.JpaRepository.
2023-05-08 15:33:06.315  INFO 78227 --- [    Test worker] .s.d.r.c.RepositoryConfigurationDelegate : Finished Spring Data repository scanning in 5 ms. Found 4 JPA repository interfaces.
2023-05-08 15:33:06.318  INFO 78227 --- [    Test worker] .s.d.r.c.RepositoryConfigurationDelegate : Multiple Spring Data modules found, entering strict repository configuration mode!
2023-05-08 15:33:06.318  INFO 78227 --- [    Test worker] .s.d.r.c.RepositoryConfigurationDelegate : Bootstrapping Spring Data Redis repositories in DEFAULT mode.
2023-05-08 15:33:06.320  INFO 78227 --- [    Test worker] .RepositoryConfigurationExtensionSupport : Spring Data Redis - Could not safely identify store assignment for repository candidate interface com.jung.domain.comparecart.CompareCartRepository. If you want this repository to be a Redis repository, consider annotating your entities with one of these annotations: org.springframework.data.redis.core.RedisHash (preferred), or consider extending one of the following types with your repository: org.springframework.data.keyvalue.repository.KeyValueRepository.
2023-05-08 15:33:06.320  INFO 78227 --- [    Test worker] .RepositoryConfigurationExtensionSupport : Spring Data Redis - Could not safely identify store assignment for repository candidate interface com.jung.domain.filterkeyword.FilterKeywordRepository. If you want this repository to be a Redis repository, consider annotating your entities with one of these annotations: org.springframework.data.redis.core.RedisHash (preferred), or consider extending one of the following types with your repository: org.springframework.data.keyvalue.repository.KeyValueRepository.
2023-05-08 15:33:06.321  INFO 78227 --- [    Test worker] .RepositoryConfigurationExtensionSupport : Spring Data Redis - Could not safely identify store assignment for repository candidate interface com.jung.domain.user.UserRepository. If you want this repository to be a Redis repository, consider annotating your entities with one of these annotations: org.springframework.data.redis.core.RedisHash (preferred), or consider extending one of the following types with your repository: org.springframework.data.keyvalue.repository.KeyValueRepository.
2023-05-08 15:33:06.321  INFO 78227 --- [    Test worker] .RepositoryConfigurationExtensionSupport : Spring Data Redis - Could not safely identify store assignment for repository candidate interface com.jung.domain.apiusage.ApiUsageRepository. If you want this repository to be a Redis repository, consider annotating your entities with one of these annotations: org.springframework.data.redis.core.RedisHash (preferred), or consider extending one of the following types with your repository: org.springframework.data.keyvalue.repository.KeyValueRepository.
2023-05-08 15:33:06.322  INFO 78227 --- [    Test worker] .s.d.r.c.RepositoryConfigurationDelegate : Finished Spring Data repository scanning in 4 ms. Found 1 Redis repository interfaces.
2023-05-08 15:33:06.385  INFO 78227 --- [    Test worker] com.zaxxer.hikari.HikariDataSource       : HikariPool-2 - Starting...
2023-05-08 15:33:06.387  INFO 78227 --- [    Test worker] com.zaxxer.hikari.HikariDataSource       : HikariPool-2 - Start completed.
2023-05-08 15:33:06.392  INFO 78227 --- [    Test worker] o.hibernate.jpa.internal.util.LogHelper  : HHH000204: Processing PersistenceUnitInfo [name: default]
2023-05-08 15:33:06.394  INFO 78227 --- [    Test worker] org.hibernate.dialect.Dialect            : HHH000400: Using dialect: org.hibernate.dialect.H2Dialect
Hibernate: 
    
    drop table if exists api_usage CASCADE 
Hibernate: 
    
    drop table if exists cart_product CASCADE 
Hibernate: 
    
    drop table if exists compare_cart CASCADE 
Hibernate: 
    
    drop table if exists exclude_keyword CASCADE 
Hibernate: 
    
    drop table if exists filter_keyword CASCADE 
Hibernate: 
    
    drop table if exists myuser CASCADE 
Hibernate: 
    
    drop sequence if exists hibernate_sequence
Hibernate: create sequence hibernate_sequence start with 1 increment by 1
Hibernate: 
    
    create table api_usage (
       id bigint not null,
        created_at timestamp,
        updated_at timestamp,
        api_type varchar(255) not null,
        current_usage bigint not null,
        max_usage bigint not null,
        primary key (id)
    )
Hibernate: 
    
    create table cart_product (
       id bigint not null,
        product_id bigint not null,
        cart_id bigint,
        primary key (id)
    )
Hibernate: 
    
    create table compare_cart (
       cart_id bigint not null,
        created_at timestamp,
        updated_at timestamp,
        owner_id varchar(255) not null,
        total_cnt bigint default 0 not null,
        primary key (cart_id)
    )
Hibernate: 
    
    create table exclude_keyword (
       id bigint not null,
        created_at timestamp,
        updated_at timestamp,
        keyword varchar(255) not null,
        filter_keyword_id bigint,
        keyword_list_key varchar(255),
        primary key (id)
    )
Hibernate: 
    
    create table filter_keyword (
       filter_keyword_id bigint not null,
        created_at timestamp,
        updated_at timestamp,
        owner_id varchar(255) not null,
        search_keyword varchar(255) not null,
        total_cnt bigint default 0 not null,
        primary key (filter_keyword_id)
    )
Hibernate: 
    
    create table myuser (
       user_id varchar(255) not null,
        created_at timestamp,
        updated_at timestamp,
        state varchar(255),
        user_name varchar(255) not null,
        user_pw varchar(255) not null,
        user_type varchar(255),
        primary key (user_id)
    )
Hibernate: 
    
    alter table cart_product 
       add constraint FKl5v8kpnp2t3jvldiyss8u264e 
       foreign key (cart_id) 
       references compare_cart
Hibernate: 
    
    alter table exclude_keyword 
       add constraint FK4n8vwxbm7iopw0m7g31dgfaw6 
       foreign key (filter_keyword_id) 
       references filter_keyword
2023-05-08 15:33:06.479  INFO 78227 --- [    Test worker] o.h.e.t.j.p.i.JtaPlatformInitiator       : HHH000490: Using JtaPlatform implementation: [org.hibernate.engine.transaction.jta.platform.internal.NoJtaPlatform]
2023-05-08 15:33:06.479  INFO 78227 --- [    Test worker] j.LocalContainerEntityManagerFactoryBean : Initialized JPA EntityManagerFactory for persistence unit 'default'
2023-05-08 15:33:06.554  WARN 78227 --- [    Test worker] JpaBaseConfiguration$JpaWebConfiguration : spring.jpa.open-in-view is enabled by default. Therefore, database queries may be performed during view rendering. Explicitly configure spring.jpa.open-in-view to disable this warning
2023-05-08 15:33:06.602  INFO 78227 --- [    Test worker] o.s.b.a.h2.H2ConsoleAutoConfiguration    : H2 console available at '/h2-console'. Database available at 'jdbc:h2:mem:3542d456-6bde-4ed3-b48e-ef332cc21228'
2023-05-08 15:33:06.759  INFO 78227 --- [    Test worker] com.jung.service.CompareCartServiceTest  : Started CompareCartServiceTest in 5.562 seconds (JVM running for 17.249)
Hibernate: 
    select
        comparecar0_.cart_id as cart_id1_2_,
        comparecar0_.created_at as created_2_2_,
        comparecar0_.updated_at as updated_3_2_,
        comparecar0_.owner_id as owner_id4_2_,
        comparecar0_.total_cnt as total_cn5_2_ 
    from
        compare_cart comparecar0_ 
    where
        comparecar0_.owner_id=?
Hibernate: 
    call next value for hibernate_sequence
Hibernate: 
    insert 
    into
        compare_cart
        (created_at, updated_at, owner_id, total_cnt, cart_id) 
    values
        (?, ?, ?, ?, ?)
2023-05-08 15:33:06.769  INFO 78227 --- [    Test worker] o.s.t.c.transaction.TransactionContext   : Began transaction (1) for test context [DefaultTestContext@25a47b1c testClass = CompareCartServiceTest, testInstance = com.jung.service.CompareCartServiceTest@3889a208, testMethod = removeNotInProductFromCart@CompareCartServiceTest, testException = [null], mergedContextConfiguration = [WebMergedContextConfiguration@fb36502 testClass = CompareCartServiceTest, locations = '{}', classes = '{class com.jung.CompareCartApplication}', contextInitializerClasses = '[]', activeProfiles = '{}', propertySourceLocations = '{}', propertySourceProperties = '{org.springframework.boot.test.context.SpringBootTestContextBootstrapper=true}', contextCustomizers = set[org.springframework.boot.test.autoconfigure.actuate.metrics.MetricsExportContextCustomizerFactory$DisableMetricExportContextCustomizer@2b329bbd, org.springframework.boot.test.autoconfigure.properties.PropertyMappingContextCustomizer@0, org.springframework.boot.test.autoconfigure.web.servlet.WebDriverContextCustomizerFactory$Customizer@4efc25fc, org.springframework.boot.test.context.filter.ExcludeFilterContextCustomizer@42d73c61, org.springframework.boot.test.json.DuplicateJsonObjectContextCustomizerFactory$DuplicateJsonObjectContextCustomizer@633a2e99, org.springframework.boot.test.mock.mockito.MockitoContextCustomizer@0, org.springframework.boot.test.web.client.TestRestTemplateContextCustomizer@51a8313b, org.springframework.boot.test.context.SpringBootTestArgs@1, org.springframework.boot.test.context.SpringBootTestWebEnvironment@62dae540], resourceBasePath = 'src/main/webapp', contextLoader = 'org.springframework.boot.test.context.SpringBootContextLoader', parent = [null]], attributes = map['org.springframework.test.context.web.ServletTestExecutionListener.activateListener' -> true, 'org.springframework.test.context.web.ServletTestExecutionListener.populatedRequestContextHolder' -> true, 'org.springframework.test.context.web.ServletTestExecutionListener.resetRequestContextHolder' -> true, 'org.springframework.test.context.event.ApplicationEventsTestExecutionListener.recordApplicationEvents' -> false]]; transaction manager [org.springframework.orm.jpa.JpaTransactionManager@50eed206]; rollback [true]
Hibernate: 
    select
        comparecar0_.cart_id as cart_id1_2_,
        comparecar0_.created_at as created_2_2_,
        comparecar0_.updated_at as updated_3_2_,
        comparecar0_.owner_id as owner_id4_2_,
        comparecar0_.total_cnt as total_cn5_2_ 
    from
        compare_cart comparecar0_ 
    where
        comparecar0_.owner_id=?
Hibernate: 
    select
        cartproduc0_.cart_id as cart_id3_1_0_,
        cartproduc0_.id as id1_1_0_,
        cartproduc0_.id as id1_1_1_,
        cartproduc0_.cart_id as cart_id3_1_1_,
        cartproduc0_.product_id as product_2_1_1_ 
    from
        cart_product cartproduc0_ 
    where
        cartproduc0_.cart_id=?
2023-05-08 15:33:06.778  INFO 78227 --- [    Test worker] o.s.t.c.transaction.TransactionContext   : Rolled back transaction for test: [DefaultTestContext@25a47b1c testClass = CompareCartServiceTest, testInstance = com.jung.service.CompareCartServiceTest@3889a208, testMethod = removeNotInProductFromCart@CompareCartServiceTest, testException = [null], mergedContextConfiguration = [WebMergedContextConfiguration@fb36502 testClass = CompareCartServiceTest, locations = '{}', classes = '{class com.jung.CompareCartApplication}', contextInitializerClasses = '[]', activeProfiles = '{}', propertySourceLocations = '{}', propertySourceProperties = '{org.springframework.boot.test.context.SpringBootTestContextBootstrapper=true}', contextCustomizers = set[org.springframework.boot.test.autoconfigure.actuate.metrics.MetricsExportContextCustomizerFactory$DisableMetricExportContextCustomizer@2b329bbd, org.springframework.boot.test.autoconfigure.properties.PropertyMappingContextCustomizer@0, org.springframework.boot.test.autoconfigure.web.servlet.WebDriverContextCustomizerFactory$Customizer@4efc25fc, org.springframework.boot.test.context.filter.ExcludeFilterContextCustomizer@42d73c61, org.springframework.boot.test.json.DuplicateJsonObjectContextCustomizerFactory$DuplicateJsonObjectContextCustomizer@633a2e99, org.springframework.boot.test.mock.mockito.MockitoContextCustomizer@0, org.springframework.boot.test.web.client.TestRestTemplateContextCustomizer@51a8313b, org.springframework.boot.test.context.SpringBootTestArgs@1, org.springframework.boot.test.context.SpringBootTestWebEnvironment@62dae540], resourceBasePath = 'src/main/webapp', contextLoader = 'org.springframework.boot.test.context.SpringBootContextLoader', parent = [null]], attributes = map['org.springframework.test.context.web.ServletTestExecutionListener.activateListener' -> true, 'org.springframework.test.context.web.ServletTestExecutionListener.populatedRequestContextHolder' -> true, 'org.springframework.test.context.web.ServletTestExecutionListener.resetRequestContextHolder' -> true, 'org.springframework.test.context.event.ApplicationEventsTestExecutionListener.recordApplicationEvents' -> false]]
2023-05-08 15:33:06.779  INFO 78227 --- [    Test worker] o.s.t.c.transaction.TransactionContext   : Began transaction (1) for test context [DefaultTestContext@25a47b1c testClass = CompareCartServiceTest, testInstance = com.jung.service.CompareCartServiceTest@3889a208, testMethod = clearCart@CompareCartServiceTest, testException = [null], mergedContextConfiguration = [WebMergedContextConfiguration@fb36502 testClass = CompareCartServiceTest, locations = '{}', classes = '{class com.jung.CompareCartApplication}', contextInitializerClasses = '[]', activeProfiles = '{}', propertySourceLocations = '{}', propertySourceProperties = '{org.springframework.boot.test.context.SpringBootTestContextBootstrapper=true}', contextCustomizers = set[org.springframework.boot.test.autoconfigure.actuate.metrics.MetricsExportContextCustomizerFactory$DisableMetricExportContextCustomizer@2b329bbd, org.springframework.boot.test.autoconfigure.properties.PropertyMappingContextCustomizer@0, org.springframework.boot.test.autoconfigure.web.servlet.WebDriverContextCustomizerFactory$Customizer@4efc25fc, org.springframework.boot.test.context.filter.ExcludeFilterContextCustomizer@42d73c61, org.springframework.boot.test.json.DuplicateJsonObjectContextCustomizerFactory$DuplicateJsonObjectContextCustomizer@633a2e99, org.springframework.boot.test.mock.mockito.MockitoContextCustomizer@0, org.springframework.boot.test.web.client.TestRestTemplateContextCustomizer@51a8313b, org.springframework.boot.test.context.SpringBootTestArgs@1, org.springframework.boot.test.context.SpringBootTestWebEnvironment@62dae540], resourceBasePath = 'src/main/webapp', contextLoader = 'org.springframework.boot.test.context.SpringBootContextLoader', parent = [null]], attributes = map['org.springframework.test.context.web.ServletTestExecutionListener.activateListener' -> true, 'org.springframework.test.context.web.ServletTestExecutionListener.populatedRequestContextHolder' -> true, 'org.springframework.test.context.web.ServletTestExecutionListener.resetRequestContextHolder' -> true, 'org.springframework.test.context.event.ApplicationEventsTestExecutionListener.recordApplicationEvents' -> false]]; transaction manager [org.springframework.orm.jpa.JpaTransactionManager@50eed206]; rollback [true]
Hibernate: 
    select
        comparecar0_.cart_id as cart_id1_2_,
        comparecar0_.created_at as created_2_2_,
        comparecar0_.updated_at as updated_3_2_,
        comparecar0_.owner_id as owner_id4_2_,
        comparecar0_.total_cnt as total_cn5_2_ 
    from
        compare_cart comparecar0_ 
    where
        comparecar0_.owner_id=?
Hibernate: 
    select
        comparecar0_.cart_id as cart_id1_2_,
        comparecar0_.created_at as created_2_2_,
        comparecar0_.updated_at as updated_3_2_,
        comparecar0_.owner_id as owner_id4_2_,
        comparecar0_.total_cnt as total_cn5_2_ 
    from
        compare_cart comparecar0_ 
    where
        comparecar0_.owner_id=?
Hibernate: 
    select
        cartproduc0_.cart_id as cart_id3_1_0_,
        cartproduc0_.id as id1_1_0_,
        cartproduc0_.id as id1_1_1_,
        cartproduc0_.cart_id as cart_id3_1_1_,
        cartproduc0_.product_id as product_2_1_1_ 
    from
        cart_product cartproduc0_ 
    where
        cartproduc0_.cart_id=?
2023-05-08 15:33:06.785  INFO 78227 --- [    Test worker] o.s.t.c.transaction.TransactionContext   : Rolled back transaction for test: [DefaultTestContext@25a47b1c testClass = CompareCartServiceTest, testInstance = com.jung.service.CompareCartServiceTest@3889a208, testMethod = clearCart@CompareCartServiceTest, testException = [null], mergedContextConfiguration = [WebMergedContextConfiguration@fb36502 testClass = CompareCartServiceTest, locations = '{}', classes = '{class com.jung.CompareCartApplication}', contextInitializerClasses = '[]', activeProfiles = '{}', propertySourceLocations = '{}', propertySourceProperties = '{org.springframework.boot.test.context.SpringBootTestContextBootstrapper=true}', contextCustomizers = set[org.springframework.boot.test.autoconfigure.actuate.metrics.MetricsExportContextCustomizerFactory$DisableMetricExportContextCustomizer@2b329bbd, org.springframework.boot.test.autoconfigure.properties.PropertyMappingContextCustomizer@0, org.springframework.boot.test.autoconfigure.web.servlet.WebDriverContextCustomizerFactory$Customizer@4efc25fc, org.springframework.boot.test.context.filter.ExcludeFilterContextCustomizer@42d73c61, org.springframework.boot.test.json.DuplicateJsonObjectContextCustomizerFactory$DuplicateJsonObjectContextCustomizer@633a2e99, org.springframework.boot.test.mock.mockito.MockitoContextCustomizer@0, org.springframework.boot.test.web.client.TestRestTemplateContextCustomizer@51a8313b, org.springframework.boot.test.context.SpringBootTestArgs@1, org.springframework.boot.test.context.SpringBootTestWebEnvironment@62dae540], resourceBasePath = 'src/main/webapp', contextLoader = 'org.springframework.boot.test.context.SpringBootContextLoader', parent = [null]], attributes = map['org.springframework.test.context.web.ServletTestExecutionListener.activateListener' -> true, 'org.springframework.test.context.web.ServletTestExecutionListener.populatedRequestContextHolder' -> true, 'org.springframework.test.context.web.ServletTestExecutionListener.resetRequestContextHolder' -> true, 'org.springframework.test.context.event.ApplicationEventsTestExecutionListener.recordApplicationEvents' -> false]]
2023-05-08 15:33:06.787  INFO 78227 --- [    Test worker] o.s.t.c.transaction.TransactionContext   : Began transaction (1) for test context [DefaultTestContext@25a47b1c testClass = CompareCartServiceTest, testInstance = com.jung.service.CompareCartServiceTest@3889a208, testMethod = searchCart@CompareCartServiceTest, testException = [null], mergedContextConfiguration = [WebMergedContextConfiguration@fb36502 testClass = CompareCartServiceTest, locations = '{}', classes = '{class com.jung.CompareCartApplication}', contextInitializerClasses = '[]', activeProfiles = '{}', propertySourceLocations = '{}', propertySourceProperties = '{org.springframework.boot.test.context.SpringBootTestContextBootstrapper=true}', contextCustomizers = set[org.springframework.boot.test.autoconfigure.actuate.metrics.MetricsExportContextCustomizerFactory$DisableMetricExportContextCustomizer@2b329bbd, org.springframework.boot.test.autoconfigure.properties.PropertyMappingContextCustomizer@0, org.springframework.boot.test.autoconfigure.web.servlet.WebDriverContextCustomizerFactory$Customizer@4efc25fc, org.springframework.boot.test.context.filter.ExcludeFilterContextCustomizer@42d73c61, org.springframework.boot.test.json.DuplicateJsonObjectContextCustomizerFactory$DuplicateJsonObjectContextCustomizer@633a2e99, org.springframework.boot.test.mock.mockito.MockitoContextCustomizer@0, org.springframework.boot.test.web.client.TestRestTemplateContextCustomizer@51a8313b, org.springframework.boot.test.context.SpringBootTestArgs@1, org.springframework.boot.test.context.SpringBootTestWebEnvironment@62dae540], resourceBasePath = 'src/main/webapp', contextLoader = 'org.springframework.boot.test.context.SpringBootContextLoader', parent = [null]], attributes = map['org.springframework.test.context.web.ServletTestExecutionListener.activateListener' -> true, 'org.springframework.test.context.web.ServletTestExecutionListener.populatedRequestContextHolder' -> true, 'org.springframework.test.context.web.ServletTestExecutionListener.resetRequestContextHolder' -> true, 'org.springframework.test.context.event.ApplicationEventsTestExecutionListener.recordApplicationEvents' -> false]]; transaction manager [org.springframework.orm.jpa.JpaTransactionManager@50eed206]; rollback [true]
Hibernate: 
    select
        comparecar0_.cart_id as cart_id1_2_,
        comparecar0_.created_at as created_2_2_,
        comparecar0_.updated_at as updated_3_2_,
        comparecar0_.owner_id as owner_id4_2_,
        comparecar0_.total_cnt as total_cn5_2_ 
    from
        compare_cart comparecar0_ 
    where
        comparecar0_.owner_id=?
2023-05-08 15:33:06.790  INFO 78227 --- [    Test worker] o.s.t.c.transaction.TransactionContext   : Rolled back transaction for test: [DefaultTestContext@25a47b1c testClass = CompareCartServiceTest, testInstance = com.jung.service.CompareCartServiceTest@3889a208, testMethod = searchCart@CompareCartServiceTest, testException = [null], mergedContextConfiguration = [WebMergedContextConfiguration@fb36502 testClass = CompareCartServiceTest, locations = '{}', classes = '{class com.jung.CompareCartApplication}', contextInitializerClasses = '[]', activeProfiles = '{}', propertySourceLocations = '{}', propertySourceProperties = '{org.springframework.boot.test.context.SpringBootTestContextBootstrapper=true}', contextCustomizers = set[org.springframework.boot.test.autoconfigure.actuate.metrics.MetricsExportContextCustomizerFactory$DisableMetricExportContextCustomizer@2b329bbd, org.springframework.boot.test.autoconfigure.properties.PropertyMappingContextCustomizer@0, org.springframework.boot.test.autoconfigure.web.servlet.WebDriverContextCustomizerFactory$Customizer@4efc25fc, org.springframework.boot.test.context.filter.ExcludeFilterContextCustomizer@42d73c61, org.springframework.boot.test.json.DuplicateJsonObjectContextCustomizerFactory$DuplicateJsonObjectContextCustomizer@633a2e99, org.springframework.boot.test.mock.mockito.MockitoContextCustomizer@0, org.springframework.boot.test.web.client.TestRestTemplateContextCustomizer@51a8313b, org.springframework.boot.test.context.SpringBootTestArgs@1, org.springframework.boot.test.context.SpringBootTestWebEnvironment@62dae540], resourceBasePath = 'src/main/webapp', contextLoader = 'org.springframework.boot.test.context.SpringBootContextLoader', parent = [null]], attributes = map['org.springframework.test.context.web.ServletTestExecutionListener.activateListener' -> true, 'org.springframework.test.context.web.ServletTestExecutionListener.populatedRequestContextHolder' -> true, 'org.springframework.test.context.web.ServletTestExecutionListener.resetRequestContextHolder' -> true, 'org.springframework.test.context.event.ApplicationEventsTestExecutionListener.recordApplicationEvents' -> false]]
2023-05-08 15:33:06.792  INFO 78227 --- [    Test worker] o.s.t.c.transaction.TransactionContext   : Began transaction (1) for test context [DefaultTestContext@25a47b1c testClass = CompareCartServiceTest, testInstance = com.jung.service.CompareCartServiceTest@3889a208, testMethod = generateCartWithDup@CompareCartServiceTest, testException = [null], mergedContextConfiguration = [WebMergedContextConfiguration@fb36502 testClass = CompareCartServiceTest, locations = '{}', classes = '{class com.jung.CompareCartApplication}', contextInitializerClasses = '[]', activeProfiles = '{}', propertySourceLocations = '{}', propertySourceProperties = '{org.springframework.boot.test.context.SpringBootTestContextBootstrapper=true}', contextCustomizers = set[org.springframework.boot.test.autoconfigure.actuate.metrics.MetricsExportContextCustomizerFactory$DisableMetricExportContextCustomizer@2b329bbd, org.springframework.boot.test.autoconfigure.properties.PropertyMappingContextCustomizer@0, org.springframework.boot.test.autoconfigure.web.servlet.WebDriverContextCustomizerFactory$Customizer@4efc25fc, org.springframework.boot.test.context.filter.ExcludeFilterContextCustomizer@42d73c61, org.springframework.boot.test.json.DuplicateJsonObjectContextCustomizerFactory$DuplicateJsonObjectContextCustomizer@633a2e99, org.springframework.boot.test.mock.mockito.MockitoContextCustomizer@0, org.springframework.boot.test.web.client.TestRestTemplateContextCustomizer@51a8313b, org.springframework.boot.test.context.SpringBootTestArgs@1, org.springframework.boot.test.context.SpringBootTestWebEnvironment@62dae540], resourceBasePath = 'src/main/webapp', contextLoader = 'org.springframework.boot.test.context.SpringBootContextLoader', parent = [null]], attributes = map['org.springframework.test.context.web.ServletTestExecutionListener.activateListener' -> true, 'org.springframework.test.context.web.ServletTestExecutionListener.populatedRequestContextHolder' -> true, 'org.springframework.test.context.web.ServletTestExecutionListener.resetRequestContextHolder' -> true, 'org.springframework.test.context.event.ApplicationEventsTestExecutionListener.recordApplicationEvents' -> false]]; transaction manager [org.springframework.orm.jpa.JpaTransactionManager@50eed206]; rollback [true]
Hibernate: 
    select
        comparecar0_.cart_id as cart_id1_2_,
        comparecar0_.created_at as created_2_2_,
        comparecar0_.updated_at as updated_3_2_,
        comparecar0_.owner_id as owner_id4_2_,
        comparecar0_.total_cnt as total_cn5_2_ 
    from
        compare_cart comparecar0_ 
    where
        comparecar0_.owner_id=?
2023-05-08 15:33:06.795  INFO 78227 --- [    Test worker] o.s.t.c.transaction.TransactionContext   : Rolled back transaction for test: [DefaultTestContext@25a47b1c testClass = CompareCartServiceTest, testInstance = com.jung.service.CompareCartServiceTest@3889a208, testMethod = generateCartWithDup@CompareCartServiceTest, testException = [null], mergedContextConfiguration = [WebMergedContextConfiguration@fb36502 testClass = CompareCartServiceTest, locations = '{}', classes = '{class com.jung.CompareCartApplication}', contextInitializerClasses = '[]', activeProfiles = '{}', propertySourceLocations = '{}', propertySourceProperties = '{org.springframework.boot.test.context.SpringBootTestContextBootstrapper=true}', contextCustomizers = set[org.springframework.boot.test.autoconfigure.actuate.metrics.MetricsExportContextCustomizerFactory$DisableMetricExportContextCustomizer@2b329bbd, org.springframework.boot.test.autoconfigure.properties.PropertyMappingContextCustomizer@0, org.springframework.boot.test.autoconfigure.web.servlet.WebDriverContextCustomizerFactory$Customizer@4efc25fc, org.springframework.boot.test.context.filter.ExcludeFilterContextCustomizer@42d73c61, org.springframework.boot.test.json.DuplicateJsonObjectContextCustomizerFactory$DuplicateJsonObjectContextCustomizer@633a2e99, org.springframework.boot.test.mock.mockito.MockitoContextCustomizer@0, org.springframework.boot.test.web.client.TestRestTemplateContextCustomizer@51a8313b, org.springframework.boot.test.context.SpringBootTestArgs@1, org.springframework.boot.test.context.SpringBootTestWebEnvironment@62dae540], resourceBasePath = 'src/main/webapp', contextLoader = 'org.springframework.boot.test.context.SpringBootContextLoader', parent = [null]], attributes = map['org.springframework.test.context.web.ServletTestExecutionListener.activateListener' -> true, 'org.springframework.test.context.web.ServletTestExecutionListener.populatedRequestContextHolder' -> true, 'org.springframework.test.context.web.ServletTestExecutionListener.resetRequestContextHolder' -> true, 'org.springframework.test.context.event.ApplicationEventsTestExecutionListener.recordApplicationEvents' -> false]]
2023-05-08 15:33:06.796  INFO 78227 --- [    Test worker] o.s.t.c.transaction.TransactionContext   : Began transaction (1) for test context [DefaultTestContext@25a47b1c testClass = CompareCartServiceTest, testInstance = com.jung.service.CompareCartServiceTest@3889a208, testMethod = addProductToCart@CompareCartServiceTest, testException = [null], mergedContextConfiguration = [WebMergedContextConfiguration@fb36502 testClass = CompareCartServiceTest, locations = '{}', classes = '{class com.jung.CompareCartApplication}', contextInitializerClasses = '[]', activeProfiles = '{}', propertySourceLocations = '{}', propertySourceProperties = '{org.springframework.boot.test.context.SpringBootTestContextBootstrapper=true}', contextCustomizers = set[org.springframework.boot.test.autoconfigure.actuate.metrics.MetricsExportContextCustomizerFactory$DisableMetricExportContextCustomizer@2b329bbd, org.springframework.boot.test.autoconfigure.properties.PropertyMappingContextCustomizer@0, org.springframework.boot.test.autoconfigure.web.servlet.WebDriverContextCustomizerFactory$Customizer@4efc25fc, org.springframework.boot.test.context.filter.ExcludeFilterContextCustomizer@42d73c61, org.springframework.boot.test.json.DuplicateJsonObjectContextCustomizerFactory$DuplicateJsonObjectContextCustomizer@633a2e99, org.springframework.boot.test.mock.mockito.MockitoContextCustomizer@0, org.springframework.boot.test.web.client.TestRestTemplateContextCustomizer@51a8313b, org.springframework.boot.test.context.SpringBootTestArgs@1, org.springframework.boot.test.context.SpringBootTestWebEnvironment@62dae540], resourceBasePath = 'src/main/webapp', contextLoader = 'org.springframework.boot.test.context.SpringBootContextLoader', parent = [null]], attributes = map['org.springframework.test.context.web.ServletTestExecutionListener.activateListener' -> true, 'org.springframework.test.context.web.ServletTestExecutionListener.populatedRequestContextHolder' -> true, 'org.springframework.test.context.web.ServletTestExecutionListener.resetRequestContextHolder' -> true, 'org.springframework.test.context.event.ApplicationEventsTestExecutionListener.recordApplicationEvents' -> false]]; transaction manager [org.springframework.orm.jpa.JpaTransactionManager@50eed206]; rollback [true]
Hibernate: 
    select
        comparecar0_.cart_id as cart_id1_2_,
        comparecar0_.created_at as created_2_2_,
        comparecar0_.updated_at as updated_3_2_,
        comparecar0_.owner_id as owner_id4_2_,
        comparecar0_.total_cnt as total_cn5_2_ 
    from
        compare_cart comparecar0_ 
    where
        comparecar0_.owner_id=?
Hibernate: 
    select
        comparecar0_.cart_id as cart_id1_2_,
        comparecar0_.created_at as created_2_2_,
        comparecar0_.updated_at as updated_3_2_,
        comparecar0_.owner_id as owner_id4_2_,
        comparecar0_.total_cnt as total_cn5_2_ 
    from
        compare_cart comparecar0_ 
    where
        comparecar0_.owner_id=?
Hibernate: 
    select
        cartproduc0_.cart_id as cart_id3_1_0_,
        cartproduc0_.id as id1_1_0_,
        cartproduc0_.id as id1_1_1_,
        cartproduc0_.cart_id as cart_id3_1_1_,
        cartproduc0_.product_id as product_2_1_1_ 
    from
        cart_product cartproduc0_ 
    where
        cartproduc0_.cart_id=?
2023-05-08 15:33:06.801  INFO 78227 --- [    Test worker] o.s.t.c.transaction.TransactionContext   : Rolled back transaction for test: [DefaultTestContext@25a47b1c testClass = CompareCartServiceTest, testInstance = com.jung.service.CompareCartServiceTest@3889a208, testMethod = addProductToCart@CompareCartServiceTest, testException = [null], mergedContextConfiguration = [WebMergedContextConfiguration@fb36502 testClass = CompareCartServiceTest, locations = '{}', classes = '{class com.jung.CompareCartApplication}', contextInitializerClasses = '[]', activeProfiles = '{}', propertySourceLocations = '{}', propertySourceProperties = '{org.springframework.boot.test.context.SpringBootTestContextBootstrapper=true}', contextCustomizers = set[org.springframework.boot.test.autoconfigure.actuate.metrics.MetricsExportContextCustomizerFactory$DisableMetricExportContextCustomizer@2b329bbd, org.springframework.boot.test.autoconfigure.properties.PropertyMappingContextCustomizer@0, org.springframework.boot.test.autoconfigure.web.servlet.WebDriverContextCustomizerFactory$Customizer@4efc25fc, org.springframework.boot.test.context.filter.ExcludeFilterContextCustomizer@42d73c61, org.springframework.boot.test.json.DuplicateJsonObjectContextCustomizerFactory$DuplicateJsonObjectContextCustomizer@633a2e99, org.springframework.boot.test.mock.mockito.MockitoContextCustomizer@0, org.springframework.boot.test.web.client.TestRestTemplateContextCustomizer@51a8313b, org.springframework.boot.test.context.SpringBootTestArgs@1, org.springframework.boot.test.context.SpringBootTestWebEnvironment@62dae540], resourceBasePath = 'src/main/webapp', contextLoader = 'org.springframework.boot.test.context.SpringBootContextLoader', parent = [null]], attributes = map['org.springframework.test.context.web.ServletTestExecutionListener.activateListener' -> true, 'org.springframework.test.context.web.ServletTestExecutionListener.populatedRequestContextHolder' -> true, 'org.springframework.test.context.web.ServletTestExecutionListener.resetRequestContextHolder' -> true, 'org.springframework.test.context.event.ApplicationEventsTestExecutionListener.recordApplicationEvents' -> false]]
2023-05-08 15:33:06.803  INFO 78227 --- [    Test worker] o.s.t.c.transaction.TransactionContext   : Began transaction (1) for test context [DefaultTestContext@25a47b1c testClass = CompareCartServiceTest, testInstance = com.jung.service.CompareCartServiceTest@3889a208, testMethod = removeCart@CompareCartServiceTest, testException = [null], mergedContextConfiguration = [WebMergedContextConfiguration@fb36502 testClass = CompareCartServiceTest, locations = '{}', classes = '{class com.jung.CompareCartApplication}', contextInitializerClasses = '[]', activeProfiles = '{}', propertySourceLocations = '{}', propertySourceProperties = '{org.springframework.boot.test.context.SpringBootTestContextBootstrapper=true}', contextCustomizers = set[org.springframework.boot.test.autoconfigure.actuate.metrics.MetricsExportContextCustomizerFactory$DisableMetricExportContextCustomizer@2b329bbd, org.springframework.boot.test.autoconfigure.properties.PropertyMappingContextCustomizer@0, org.springframework.boot.test.autoconfigure.web.servlet.WebDriverContextCustomizerFactory$Customizer@4efc25fc, org.springframework.boot.test.context.filter.ExcludeFilterContextCustomizer@42d73c61, org.springframework.boot.test.json.DuplicateJsonObjectContextCustomizerFactory$DuplicateJsonObjectContextCustomizer@633a2e99, org.springframework.boot.test.mock.mockito.MockitoContextCustomizer@0, org.springframework.boot.test.web.client.TestRestTemplateContextCustomizer@51a8313b, org.springframework.boot.test.context.SpringBootTestArgs@1, org.springframework.boot.test.context.SpringBootTestWebEnvironment@62dae540], resourceBasePath = 'src/main/webapp', contextLoader = 'org.springframework.boot.test.context.SpringBootContextLoader', parent = [null]], attributes = map['org.springframework.test.context.web.ServletTestExecutionListener.activateListener' -> true, 'org.springframework.test.context.web.ServletTestExecutionListener.populatedRequestContextHolder' -> true, 'org.springframework.test.context.web.ServletTestExecutionListener.resetRequestContextHolder' -> true, 'org.springframework.test.context.event.ApplicationEventsTestExecutionListener.recordApplicationEvents' -> false]]; transaction manager [org.springframework.orm.jpa.JpaTransactionManager@50eed206]; rollback [true]
Hibernate: 
    select
        comparecar0_.cart_id as cart_id1_2_,
        comparecar0_.created_at as created_2_2_,
        comparecar0_.updated_at as updated_3_2_,
        comparecar0_.owner_id as owner_id4_2_,
        comparecar0_.total_cnt as total_cn5_2_ 
    from
        compare_cart comparecar0_ 
    where
        comparecar0_.owner_id=?
Hibernate: 
    delete 
    from
        compare_cart 
    where
        cart_id=?
Hibernate: 
    select
        comparecar0_.cart_id as cart_id1_2_,
        comparecar0_.created_at as created_2_2_,
        comparecar0_.updated_at as updated_3_2_,
        comparecar0_.owner_id as owner_id4_2_,
        comparecar0_.total_cnt as total_cn5_2_ 
    from
        compare_cart comparecar0_ 
    where
        comparecar0_.owner_id=?
2023-05-08 15:33:06.812  INFO 78227 --- [    Test worker] o.s.t.c.transaction.TransactionContext   : Rolled back transaction for test: [DefaultTestContext@25a47b1c testClass = CompareCartServiceTest, testInstance = com.jung.service.CompareCartServiceTest@3889a208, testMethod = removeCart@CompareCartServiceTest, testException = [null], mergedContextConfiguration = [WebMergedContextConfiguration@fb36502 testClass = CompareCartServiceTest, locations = '{}', classes = '{class com.jung.CompareCartApplication}', contextInitializerClasses = '[]', activeProfiles = '{}', propertySourceLocations = '{}', propertySourceProperties = '{org.springframework.boot.test.context.SpringBootTestContextBootstrapper=true}', contextCustomizers = set[org.springframework.boot.test.autoconfigure.actuate.metrics.MetricsExportContextCustomizerFactory$DisableMetricExportContextCustomizer@2b329bbd, org.springframework.boot.test.autoconfigure.properties.PropertyMappingContextCustomizer@0, org.springframework.boot.test.autoconfigure.web.servlet.WebDriverContextCustomizerFactory$Customizer@4efc25fc, org.springframework.boot.test.context.filter.ExcludeFilterContextCustomizer@42d73c61, org.springframework.boot.test.json.DuplicateJsonObjectContextCustomizerFactory$DuplicateJsonObjectContextCustomizer@633a2e99, org.springframework.boot.test.mock.mockito.MockitoContextCustomizer@0, org.springframework.boot.test.web.client.TestRestTemplateContextCustomizer@51a8313b, org.springframework.boot.test.context.SpringBootTestArgs@1, org.springframework.boot.test.context.SpringBootTestWebEnvironment@62dae540], resourceBasePath = 'src/main/webapp', contextLoader = 'org.springframework.boot.test.context.SpringBootContextLoader', parent = [null]], attributes = map['org.springframework.test.context.web.ServletTestExecutionListener.activateListener' -> true, 'org.springframework.test.context.web.ServletTestExecutionListener.populatedRequestContextHolder' -> true, 'org.springframework.test.context.web.ServletTestExecutionListener.resetRequestContextHolder' -> true, 'org.springframework.test.context.event.ApplicationEventsTestExecutionListener.recordApplicationEvents' -> false]]
2023-05-08 15:33:06.813  INFO 78227 --- [    Test worker] o.s.t.c.transaction.TransactionContext   : Began transaction (1) for test context [DefaultTestContext@25a47b1c testClass = CompareCartServiceTest, testInstance = com.jung.service.CompareCartServiceTest@3889a208, testMethod = generateCart@CompareCartServiceTest, testException = [null], mergedContextConfiguration = [WebMergedContextConfiguration@fb36502 testClass = CompareCartServiceTest, locations = '{}', classes = '{class com.jung.CompareCartApplication}', contextInitializerClasses = '[]', activeProfiles = '{}', propertySourceLocations = '{}', propertySourceProperties = '{org.springframework.boot.test.context.SpringBootTestContextBootstrapper=true}', contextCustomizers = set[org.springframework.boot.test.autoconfigure.actuate.metrics.MetricsExportContextCustomizerFactory$DisableMetricExportContextCustomizer@2b329bbd, org.springframework.boot.test.autoconfigure.properties.PropertyMappingContextCustomizer@0, org.springframework.boot.test.autoconfigure.web.servlet.WebDriverContextCustomizerFactory$Customizer@4efc25fc, org.springframework.boot.test.context.filter.ExcludeFilterContextCustomizer@42d73c61, org.springframework.boot.test.json.DuplicateJsonObjectContextCustomizerFactory$DuplicateJsonObjectContextCustomizer@633a2e99, org.springframework.boot.test.mock.mockito.MockitoContextCustomizer@0, org.springframework.boot.test.web.client.TestRestTemplateContextCustomizer@51a8313b, org.springframework.boot.test.context.SpringBootTestArgs@1, org.springframework.boot.test.context.SpringBootTestWebEnvironment@62dae540], resourceBasePath = 'src/main/webapp', contextLoader = 'org.springframework.boot.test.context.SpringBootContextLoader', parent = [null]], attributes = map['org.springframework.test.context.web.ServletTestExecutionListener.activateListener' -> true, 'org.springframework.test.context.web.ServletTestExecutionListener.populatedRequestContextHolder' -> true, 'org.springframework.test.context.web.ServletTestExecutionListener.resetRequestContextHolder' -> true, 'org.springframework.test.context.event.ApplicationEventsTestExecutionListener.recordApplicationEvents' -> false]]; transaction manager [org.springframework.orm.jpa.JpaTransactionManager@50eed206]; rollback [true]
Hibernate: 
    select
        comparecar0_.cart_id as cart_id1_2_,
        comparecar0_.created_at as created_2_2_,
        comparecar0_.updated_at as updated_3_2_,
        comparecar0_.owner_id as owner_id4_2_,
        comparecar0_.total_cnt as total_cn5_2_ 
    from
        compare_cart comparecar0_ 
    where
        comparecar0_.owner_id=?
Hibernate: 
    call next value for hibernate_sequence
Hibernate: 
    insert 
    into
        compare_cart
        (created_at, updated_at, owner_id, total_cnt, cart_id) 
    values
        (?, ?, ?, ?, ?)
Hibernate: 
    select
        comparecar0_.cart_id as cart_id1_2_,
        comparecar0_.created_at as created_2_2_,
        comparecar0_.updated_at as updated_3_2_,
        comparecar0_.owner_id as owner_id4_2_,
        comparecar0_.total_cnt as total_cn5_2_ 
    from
        compare_cart comparecar0_ 
    where
        comparecar0_.owner_id=?
2023-05-08 15:33:06.820  INFO 78227 --- [    Test worker] o.s.t.c.transaction.TransactionContext   : Rolled back transaction for test: [DefaultTestContext@25a47b1c testClass = CompareCartServiceTest, testInstance = com.jung.service.CompareCartServiceTest@3889a208, testMethod = generateCart@CompareCartServiceTest, testException = [null], mergedContextConfiguration = [WebMergedContextConfiguration@fb36502 testClass = CompareCartServiceTest, locations = '{}', classes = '{class com.jung.CompareCartApplication}', contextInitializerClasses = '[]', activeProfiles = '{}', propertySourceLocations = '{}', propertySourceProperties = '{org.springframework.boot.test.context.SpringBootTestContextBootstrapper=true}', contextCustomizers = set[org.springframework.boot.test.autoconfigure.actuate.metrics.MetricsExportContextCustomizerFactory$DisableMetricExportContextCustomizer@2b329bbd, org.springframework.boot.test.autoconfigure.properties.PropertyMappingContextCustomizer@0, org.springframework.boot.test.autoconfigure.web.servlet.WebDriverContextCustomizerFactory$Customizer@4efc25fc, org.springframework.boot.test.context.filter.ExcludeFilterContextCustomizer@42d73c61, org.springframework.boot.test.json.DuplicateJsonObjectContextCustomizerFactory$DuplicateJsonObjectContextCustomizer@633a2e99, org.springframework.boot.test.mock.mockito.MockitoContextCustomizer@0, org.springframework.boot.test.web.client.TestRestTemplateContextCustomizer@51a8313b, org.springframework.boot.test.context.SpringBootTestArgs@1, org.springframework.boot.test.context.SpringBootTestWebEnvironment@62dae540], resourceBasePath = 'src/main/webapp', contextLoader = 'org.springframework.boot.test.context.SpringBootContextLoader', parent = [null]], attributes = map['org.springframework.test.context.web.ServletTestExecutionListener.activateListener' -> true, 'org.springframework.test.context.web.ServletTestExecutionListener.populatedRequestContextHolder' -> true, 'org.springframework.test.context.web.ServletTestExecutionListener.resetRequestContextHolder' -> true, 'org.springframework.test.context.event.ApplicationEventsTestExecutionListener.recordApplicationEvents' -> false]]
2023-05-08 15:33:06.822  INFO 78227 --- [    Test worker] o.s.t.c.transaction.TransactionContext   : Began transaction (1) for test context [DefaultTestContext@25a47b1c testClass = CompareCartServiceTest, testInstance = com.jung.service.CompareCartServiceTest@3889a208, testMethod = addProductToCartWithDup@CompareCartServiceTest, testException = [null], mergedContextConfiguration = [WebMergedContextConfiguration@fb36502 testClass = CompareCartServiceTest, locations = '{}', classes = '{class com.jung.CompareCartApplication}', contextInitializerClasses = '[]', activeProfiles = '{}', propertySourceLocations = '{}', propertySourceProperties = '{org.springframework.boot.test.context.SpringBootTestContextBootstrapper=true}', contextCustomizers = set[org.springframework.boot.test.autoconfigure.actuate.metrics.MetricsExportContextCustomizerFactory$DisableMetricExportContextCustomizer@2b329bbd, org.springframework.boot.test.autoconfigure.properties.PropertyMappingContextCustomizer@0, org.springframework.boot.test.autoconfigure.web.servlet.WebDriverContextCustomizerFactory$Customizer@4efc25fc, org.springframework.boot.test.context.filter.ExcludeFilterContextCustomizer@42d73c61, org.springframework.boot.test.json.DuplicateJsonObjectContextCustomizerFactory$DuplicateJsonObjectContextCustomizer@633a2e99, org.springframework.boot.test.mock.mockito.MockitoContextCustomizer@0, org.springframework.boot.test.web.client.TestRestTemplateContextCustomizer@51a8313b, org.springframework.boot.test.context.SpringBootTestArgs@1, org.springframework.boot.test.context.SpringBootTestWebEnvironment@62dae540], resourceBasePath = 'src/main/webapp', contextLoader = 'org.springframework.boot.test.context.SpringBootContextLoader', parent = [null]], attributes = map['org.springframework.test.context.web.ServletTestExecutionListener.activateListener' -> true, 'org.springframework.test.context.web.ServletTestExecutionListener.populatedRequestContextHolder' -> true, 'org.springframework.test.context.web.ServletTestExecutionListener.resetRequestContextHolder' -> true, 'org.springframework.test.context.event.ApplicationEventsTestExecutionListener.recordApplicationEvents' -> false]]; transaction manager [org.springframework.orm.jpa.JpaTransactionManager@50eed206]; rollback [true]
Hibernate: 
    select
        comparecar0_.cart_id as cart_id1_2_,
        comparecar0_.created_at as created_2_2_,
        comparecar0_.updated_at as updated_3_2_,
        comparecar0_.owner_id as owner_id4_2_,
        comparecar0_.total_cnt as total_cn5_2_ 
    from
        compare_cart comparecar0_ 
    where
        comparecar0_.owner_id=?
Hibernate: 
    select
        comparecar0_.cart_id as cart_id1_2_,
        comparecar0_.created_at as created_2_2_,
        comparecar0_.updated_at as updated_3_2_,
        comparecar0_.owner_id as owner_id4_2_,
        comparecar0_.total_cnt as total_cn5_2_ 
    from
        compare_cart comparecar0_ 
    where
        comparecar0_.owner_id=?
Hibernate: 
    select
        cartproduc0_.cart_id as cart_id3_1_0_,
        cartproduc0_.id as id1_1_0_,
        cartproduc0_.id as id1_1_1_,
        cartproduc0_.cart_id as cart_id3_1_1_,
        cartproduc0_.product_id as product_2_1_1_ 
    from
        cart_product cartproduc0_ 
    where
        cartproduc0_.cart_id=?
Hibernate: 
    update
        compare_cart 
    set
        created_at=?,
        updated_at=?,
        owner_id=?,
        total_cnt=? 
    where
        cart_id=?
Hibernate: 
    select
        comparecar0_.cart_id as cart_id1_2_,
        comparecar0_.created_at as created_2_2_,
        comparecar0_.updated_at as updated_3_2_,
        comparecar0_.owner_id as owner_id4_2_,
        comparecar0_.total_cnt as total_cn5_2_ 
    from
        compare_cart comparecar0_ 
    where
        comparecar0_.owner_id=?
2023-05-08 15:33:06.829  INFO 78227 --- [    Test worker] o.s.t.c.transaction.TransactionContext   : Rolled back transaction for test: [DefaultTestContext@25a47b1c testClass = CompareCartServiceTest, testInstance = com.jung.service.CompareCartServiceTest@3889a208, testMethod = addProductToCartWithDup@CompareCartServiceTest, testException = [null], mergedContextConfiguration = [WebMergedContextConfiguration@fb36502 testClass = CompareCartServiceTest, locations = '{}', classes = '{class com.jung.CompareCartApplication}', contextInitializerClasses = '[]', activeProfiles = '{}', propertySourceLocations = '{}', propertySourceProperties = '{org.springframework.boot.test.context.SpringBootTestContextBootstrapper=true}', contextCustomizers = set[org.springframework.boot.test.autoconfigure.actuate.metrics.MetricsExportContextCustomizerFactory$DisableMetricExportContextCustomizer@2b329bbd, org.springframework.boot.test.autoconfigure.properties.PropertyMappingContextCustomizer@0, org.springframework.boot.test.autoconfigure.web.servlet.WebDriverContextCustomizerFactory$Customizer@4efc25fc, org.springframework.boot.test.context.filter.ExcludeFilterContextCustomizer@42d73c61, org.springframework.boot.test.json.DuplicateJsonObjectContextCustomizerFactory$DuplicateJsonObjectContextCustomizer@633a2e99, org.springframework.boot.test.mock.mockito.MockitoContextCustomizer@0, org.springframework.boot.test.web.client.TestRestTemplateContextCustomizer@51a8313b, org.springframework.boot.test.context.SpringBootTestArgs@1, org.springframework.boot.test.context.SpringBootTestWebEnvironment@62dae540], resourceBasePath = 'src/main/webapp', contextLoader = 'org.springframework.boot.test.context.SpringBootContextLoader', parent = [null]], attributes = map['org.springframework.test.context.web.ServletTestExecutionListener.activateListener' -> true, 'org.springframework.test.context.web.ServletTestExecutionListener.populatedRequestContextHolder' -> true, 'org.springframework.test.context.web.ServletTestExecutionListener.resetRequestContextHolder' -> true, 'org.springframework.test.context.event.ApplicationEventsTestExecutionListener.recordApplicationEvents' -> false]]
2023-05-08 15:33:06.831  INFO 78227 --- [    Test worker] o.s.t.c.transaction.TransactionContext   : Began transaction (1) for test context [DefaultTestContext@25a47b1c testClass = CompareCartServiceTest, testInstance = com.jung.service.CompareCartServiceTest@3889a208, testMethod = removeProductFromCart@CompareCartServiceTest, testException = [null], mergedContextConfiguration = [WebMergedContextConfiguration@fb36502 testClass = CompareCartServiceTest, locations = '{}', classes = '{class com.jung.CompareCartApplication}', contextInitializerClasses = '[]', activeProfiles = '{}', propertySourceLocations = '{}', propertySourceProperties = '{org.springframework.boot.test.context.SpringBootTestContextBootstrapper=true}', contextCustomizers = set[org.springframework.boot.test.autoconfigure.actuate.metrics.MetricsExportContextCustomizerFactory$DisableMetricExportContextCustomizer@2b329bbd, org.springframework.boot.test.autoconfigure.properties.PropertyMappingContextCustomizer@0, org.springframework.boot.test.autoconfigure.web.servlet.WebDriverContextCustomizerFactory$Customizer@4efc25fc, org.springframework.boot.test.context.filter.ExcludeFilterContextCustomizer@42d73c61, org.springframework.boot.test.json.DuplicateJsonObjectContextCustomizerFactory$DuplicateJsonObjectContextCustomizer@633a2e99, org.springframework.boot.test.mock.mockito.MockitoContextCustomizer@0, org.springframework.boot.test.web.client.TestRestTemplateContextCustomizer@51a8313b, org.springframework.boot.test.context.SpringBootTestArgs@1, org.springframework.boot.test.context.SpringBootTestWebEnvironment@62dae540], resourceBasePath = 'src/main/webapp', contextLoader = 'org.springframework.boot.test.context.SpringBootContextLoader', parent = [null]], attributes = map['org.springframework.test.context.web.ServletTestExecutionListener.activateListener' -> true, 'org.springframework.test.context.web.ServletTestExecutionListener.populatedRequestContextHolder' -> true, 'org.springframework.test.context.web.ServletTestExecutionListener.resetRequestContextHolder' -> true, 'org.springframework.test.context.event.ApplicationEventsTestExecutionListener.recordApplicationEvents' -> false]]; transaction manager [org.springframework.orm.jpa.JpaTransactionManager@50eed206]; rollback [true]
Hibernate: 
    select
        comparecar0_.cart_id as cart_id1_2_,
        comparecar0_.created_at as created_2_2_,
        comparecar0_.updated_at as updated_3_2_,
        comparecar0_.owner_id as owner_id4_2_,
        comparecar0_.total_cnt as total_cn5_2_ 
    from
        compare_cart comparecar0_ 
    where
        comparecar0_.owner_id=?
Hibernate: 
    select
        cartproduc0_.cart_id as cart_id3_1_0_,
        cartproduc0_.id as id1_1_0_,
        cartproduc0_.id as id1_1_1_,
        cartproduc0_.cart_id as cart_id3_1_1_,
        cartproduc0_.product_id as product_2_1_1_ 
    from
        cart_product cartproduc0_ 
    where
        cartproduc0_.cart_id=?
Hibernate: 
    update
        compare_cart 
    set
        created_at=?,
        updated_at=?,
        owner_id=?,
        total_cnt=? 
    where
        cart_id=?
Hibernate: 
    select
        comparecar0_.cart_id as cart_id1_2_,
        comparecar0_.created_at as created_2_2_,
        comparecar0_.updated_at as updated_3_2_,
        comparecar0_.owner_id as owner_id4_2_,
        comparecar0_.total_cnt as total_cn5_2_ 
    from
        compare_cart comparecar0_ 
    where
        comparecar0_.owner_id=?
Hibernate: 
    select
        comparecar0_.cart_id as cart_id1_2_,
        comparecar0_.created_at as created_2_2_,
        comparecar0_.updated_at as updated_3_2_,
        comparecar0_.owner_id as owner_id4_2_,
        comparecar0_.total_cnt as total_cn5_2_ 
    from
        compare_cart comparecar0_ 
    where
        comparecar0_.owner_id=?
2023-05-08 15:33:06.839  INFO 78227 --- [    Test worker] o.s.t.c.transaction.TransactionContext   : Rolled back transaction for test: [DefaultTestContext@25a47b1c testClass = CompareCartServiceTest, testInstance = com.jung.service.CompareCartServiceTest@3889a208, testMethod = removeProductFromCart@CompareCartServiceTest, testException = [null], mergedContextConfiguration = [WebMergedContextConfiguration@fb36502 testClass = CompareCartServiceTest, locations = '{}', classes = '{class com.jung.CompareCartApplication}', contextInitializerClasses = '[]', activeProfiles = '{}', propertySourceLocations = '{}', propertySourceProperties = '{org.springframework.boot.test.context.SpringBootTestContextBootstrapper=true}', contextCustomizers = set[org.springframework.boot.test.autoconfigure.actuate.metrics.MetricsExportContextCustomizerFactory$DisableMetricExportContextCustomizer@2b329bbd, org.springframework.boot.test.autoconfigure.properties.PropertyMappingContextCustomizer@0, org.springframework.boot.test.autoconfigure.web.servlet.WebDriverContextCustomizerFactory$Customizer@4efc25fc, org.springframework.boot.test.context.filter.ExcludeFilterContextCustomizer@42d73c61, org.springframework.boot.test.json.DuplicateJsonObjectContextCustomizerFactory$DuplicateJsonObjectContextCustomizer@633a2e99, org.springframework.boot.test.mock.mockito.MockitoContextCustomizer@0, org.springframework.boot.test.web.client.TestRestTemplateContextCustomizer@51a8313b, org.springframework.boot.test.context.SpringBootTestArgs@1, org.springframework.boot.test.context.SpringBootTestWebEnvironment@62dae540], resourceBasePath = 'src/main/webapp', contextLoader = 'org.springframework.boot.test.context.SpringBootContextLoader', parent = [null]], attributes = map['org.springframework.test.context.web.ServletTestExecutionListener.activateListener' -> true, 'org.springframework.test.context.web.ServletTestExecutionListener.populatedRequestContextHolder' -> true, 'org.springframework.test.context.web.ServletTestExecutionListener.resetRequestContextHolder' -> true, 'org.springframework.test.context.event.ApplicationEventsTestExecutionListener.recordApplicationEvents' -> false]]
]]></system-out>
  <system-err><![CDATA[]]></system-err>
</testsuite>
