<?xml version="1.0" encoding="UTF-8"?>
<testsuite name="com.jung.service.CompareCartServiceTest" tests="9" skipped="0" failures="0" errors="0" timestamp="2023-05-07T17:15:49" hostname="jung-macui-MacBookPro.local" time="0.089">
  <properties/>
  <testcase name="비교카트 상품제거(없는 상품제거시)" classname="com.jung.service.CompareCartServiceTest" time="0.014"/>
  <testcase name="비교카트 비우기" classname="com.jung.service.CompareCartServiceTest" time="0.009"/>
  <testcase name="비교카트 검색" classname="com.jung.service.CompareCartServiceTest" time="0.006"/>
  <testcase name="비교카트 중복 생성" classname="com.jung.service.CompareCartServiceTest" time="0.006"/>
  <testcase name="비교카트 상품추가" classname="com.jung.service.CompareCartServiceTest" time="0.009"/>
  <testcase name="비교카트 삭제" classname="com.jung.service.CompareCartServiceTest" time="0.012"/>
  <testcase name="비교카트 생성" classname="com.jung.service.CompareCartServiceTest" time="0.009"/>
  <testcase name="비교카트 상품추가(중복)" classname="com.jung.service.CompareCartServiceTest" time="0.011"/>
  <testcase name="비교카트 상품제거" classname="com.jung.service.CompareCartServiceTest" time="0.01"/>
  <system-out><![CDATA[2023-05-08 02:15:48.810  INFO 28568 --- [    Test worker] .b.t.c.SpringBootTestContextBootstrapper : Neither @ContextConfiguration nor @ContextHierarchy found for test class [com.jung.service.CompareCartServiceTest], using SpringBootContextLoader
2023-05-08 02:15:48.810  INFO 28568 --- [    Test worker] o.s.t.c.support.AbstractContextLoader    : Could not detect default resource locations for test class [com.jung.service.CompareCartServiceTest]: no resource found for suffixes {-context.xml, Context.groovy}.
2023-05-08 02:15:48.811  INFO 28568 --- [    Test worker] t.c.s.AnnotationConfigContextLoaderUtils : Could not detect default configuration classes for test class [com.jung.service.CompareCartServiceTest]: CompareCartServiceTest does not declare any static, non-private, non-final, nested classes annotated with @Configuration.
2023-05-08 02:15:48.815  INFO 28568 --- [    Test worker] .b.t.c.SpringBootTestContextBootstrapper : Found @SpringBootConfiguration com.jung.CompareCartApplication for test class com.jung.service.CompareCartServiceTest
2023-05-08 02:15:48.817  INFO 28568 --- [    Test worker] .b.t.c.SpringBootTestContextBootstrapper : Loaded default TestExecutionListener class names from location [META-INF/spring.factories]: [org.springframework.boot.test.autoconfigure.restdocs.RestDocsTestExecutionListener, org.springframework.boot.test.autoconfigure.web.client.MockRestServiceServerResetTestExecutionListener, org.springframework.boot.test.autoconfigure.web.servlet.MockMvcPrintOnlyOnFailureTestExecutionListener, org.springframework.boot.test.autoconfigure.web.servlet.WebDriverTestExecutionListener, org.springframework.boot.test.autoconfigure.webservices.client.MockWebServiceServerTestExecutionListener, org.springframework.boot.test.mock.mockito.MockitoTestExecutionListener, org.springframework.boot.test.mock.mockito.ResetMocksTestExecutionListener, org.springframework.test.context.web.ServletTestExecutionListener, org.springframework.test.context.support.DirtiesContextBeforeModesTestExecutionListener, org.springframework.test.context.event.ApplicationEventsTestExecutionListener, org.springframework.test.context.support.DependencyInjectionTestExecutionListener, org.springframework.test.context.support.DirtiesContextTestExecutionListener, org.springframework.test.context.transaction.TransactionalTestExecutionListener, org.springframework.test.context.jdbc.SqlScriptsTestExecutionListener, org.springframework.test.context.event.EventPublishingTestExecutionListener]
2023-05-08 02:15:48.817  INFO 28568 --- [    Test worker] .b.t.c.SpringBootTestContextBootstrapper : Using TestExecutionListeners: [org.springframework.test.context.web.ServletTestExecutionListener@72e2946b, org.springframework.test.context.support.DirtiesContextBeforeModesTestExecutionListener@1339aa25, org.springframework.test.context.event.ApplicationEventsTestExecutionListener@387fb1ca, org.springframework.boot.test.mock.mockito.MockitoTestExecutionListener@6450d15f, org.springframework.boot.test.autoconfigure.SpringBootDependencyInjectionTestExecutionListener@2775072, org.springframework.test.context.support.DirtiesContextTestExecutionListener@5cc1ba9b, org.springframework.test.context.transaction.TransactionalTestExecutionListener@19f5b128, org.springframework.test.context.jdbc.SqlScriptsTestExecutionListener@7bcd4160, org.springframework.test.context.event.EventPublishingTestExecutionListener@43816aab, org.springframework.boot.test.autoconfigure.restdocs.RestDocsTestExecutionListener@12451522, org.springframework.boot.test.autoconfigure.web.client.MockRestServiceServerResetTestExecutionListener@268d8ab3, org.springframework.boot.test.autoconfigure.web.servlet.MockMvcPrintOnlyOnFailureTestExecutionListener@37da0943, org.springframework.boot.test.autoconfigure.web.servlet.WebDriverTestExecutionListener@7f46f921, org.springframework.boot.test.autoconfigure.webservices.client.MockWebServiceServerTestExecutionListener@45100fee, org.springframework.boot.test.mock.mockito.ResetMocksTestExecutionListener@f82cded]

  .   ____          _            __ _ _
 /\\ / ___'_ __ _ _(_)_ __  __ _ \ \ \ \
( ( )\___ | '_ | '_| | '_ \/ _` | \ \ \ \
 \\/  ___)| |_)| | | | | || (_| |  ) ) ) )
  '  |____| .__|_| |_|_| |_\__, | / / / /
 =========|_|==============|___/=/_/_/_/
 :: Spring Boot ::                (v2.7.0)

2023-05-08 02:15:48.848  INFO 28568 --- [    Test worker] com.jung.service.CompareCartServiceTest  : Starting CompareCartServiceTest using Java 14.0.2 on jung-macui-MacBookPro.local with PID 28568 (started by jung-mac in /Users/jung-mac/spring-workspace/LowPriceProject/low_price_web_service/module-comparecart)
2023-05-08 02:15:48.848  INFO 28568 --- [    Test worker] com.jung.service.CompareCartServiceTest  : No active profile set, falling back to 1 default profile: "default"
2023-05-08 02:15:49.002  INFO 28568 --- [    Test worker] .s.d.r.c.RepositoryConfigurationDelegate : Multiple Spring Data modules found, entering strict repository configuration mode!
2023-05-08 02:15:49.002  INFO 28568 --- [    Test worker] .s.d.r.c.RepositoryConfigurationDelegate : Bootstrapping Spring Data JPA repositories in DEFAULT mode.
2023-05-08 02:15:49.009  INFO 28568 --- [    Test worker] .RepositoryConfigurationExtensionSupport : Spring Data JPA - Could not safely identify store assignment for repository candidate interface com.jung.domain.product.ProductRepository. If you want this repository to be a JPA repository, consider annotating your entities with one of these annotations: javax.persistence.Entity, javax.persistence.MappedSuperclass (preferred), or consider extending one of the following types with your repository: org.springframework.data.jpa.repository.JpaRepository.
2023-05-08 02:15:49.014  INFO 28568 --- [    Test worker] .s.d.r.c.RepositoryConfigurationDelegate : Finished Spring Data repository scanning in 12 ms. Found 4 JPA repository interfaces.
2023-05-08 02:15:49.021  INFO 28568 --- [    Test worker] .s.d.r.c.RepositoryConfigurationDelegate : Multiple Spring Data modules found, entering strict repository configuration mode!
2023-05-08 02:15:49.021  INFO 28568 --- [    Test worker] .s.d.r.c.RepositoryConfigurationDelegate : Bootstrapping Spring Data Redis repositories in DEFAULT mode.
2023-05-08 02:15:49.025  INFO 28568 --- [    Test worker] .RepositoryConfigurationExtensionSupport : Spring Data Redis - Could not safely identify store assignment for repository candidate interface com.jung.domain.comparecart.CompareCartRepository. If you want this repository to be a Redis repository, consider annotating your entities with one of these annotations: org.springframework.data.redis.core.RedisHash (preferred), or consider extending one of the following types with your repository: org.springframework.data.keyvalue.repository.KeyValueRepository.
2023-05-08 02:15:49.026  INFO 28568 --- [    Test worker] .RepositoryConfigurationExtensionSupport : Spring Data Redis - Could not safely identify store assignment for repository candidate interface com.jung.domain.filterkeyword.FilterKeywordRepository. If you want this repository to be a Redis repository, consider annotating your entities with one of these annotations: org.springframework.data.redis.core.RedisHash (preferred), or consider extending one of the following types with your repository: org.springframework.data.keyvalue.repository.KeyValueRepository.
2023-05-08 02:15:49.026  INFO 28568 --- [    Test worker] .RepositoryConfigurationExtensionSupport : Spring Data Redis - Could not safely identify store assignment for repository candidate interface com.jung.domain.user.UserRepository. If you want this repository to be a Redis repository, consider annotating your entities with one of these annotations: org.springframework.data.redis.core.RedisHash (preferred), or consider extending one of the following types with your repository: org.springframework.data.keyvalue.repository.KeyValueRepository.
2023-05-08 02:15:49.027  INFO 28568 --- [    Test worker] .RepositoryConfigurationExtensionSupport : Spring Data Redis - Could not safely identify store assignment for repository candidate interface com.jung.domain.apiusage.ApiUsageRepository. If you want this repository to be a Redis repository, consider annotating your entities with one of these annotations: org.springframework.data.redis.core.RedisHash (preferred), or consider extending one of the following types with your repository: org.springframework.data.keyvalue.repository.KeyValueRepository.
2023-05-08 02:15:49.029  INFO 28568 --- [    Test worker] .s.d.r.c.RepositoryConfigurationDelegate : Finished Spring Data repository scanning in 6 ms. Found 1 Redis repository interfaces.
2023-05-08 02:15:49.163  INFO 28568 --- [    Test worker] com.zaxxer.hikari.HikariDataSource       : HikariPool-2 - Starting...
2023-05-08 02:15:49.166  INFO 28568 --- [    Test worker] com.zaxxer.hikari.HikariDataSource       : HikariPool-2 - Start completed.
2023-05-08 02:15:49.175  INFO 28568 --- [    Test worker] o.hibernate.jpa.internal.util.LogHelper  : HHH000204: Processing PersistenceUnitInfo [name: default]
2023-05-08 02:15:49.180  INFO 28568 --- [    Test worker] org.hibernate.dialect.Dialect            : HHH000400: Using dialect: org.hibernate.dialect.H2Dialect
Hibernate: 
    
    drop table if exists api_usage CASCADE 
Hibernate: 
    
    drop table if exists cart_product CASCADE 
Hibernate: 
    
    drop table if exists compare_cart CASCADE 
Hibernate: 
    
    drop table if exists exclude_keyword CASCADE 
Hibernate: 
    
    drop table if exists filter_keyword CASCADE 
Hibernate: 
    
    drop table if exists myuser CASCADE 
Hibernate: 
    
    drop sequence if exists hibernate_sequence
Hibernate: create sequence hibernate_sequence start with 1 increment by 1
Hibernate: 
    
    create table api_usage (
       id bigint not null,
        created_at timestamp,
        updated_at timestamp,
        api_type varchar(255) not null,
        current_usage bigint not null,
        max_usage bigint not null,
        primary key (id)
    )
Hibernate: 
    
    create table cart_product (
       id bigint not null,
        product_id bigint not null,
        cart_id bigint,
        primary key (id)
    )
Hibernate: 
    
    create table compare_cart (
       cart_id bigint not null,
        created_at timestamp,
        updated_at timestamp,
        owner_id varchar(255) not null,
        total_cnt bigint default 0 not null,
        primary key (cart_id)
    )
Hibernate: 
    
    create table exclude_keyword (
       id bigint not null,
        created_at timestamp,
        updated_at timestamp,
        keyword varchar(255) not null,
        filter_keyword_id bigint,
        keyword_list_key varchar(255),
        primary key (id)
    )
Hibernate: 
    
    create table filter_keyword (
       filter_keyword_id bigint not null,
        created_at timestamp,
        updated_at timestamp,
        owner_id varchar(255) not null,
        search_keyword varchar(255) not null,
        total_cnt bigint default 0 not null,
        primary key (filter_keyword_id)
    )
Hibernate: 
    
    create table myuser (
       user_id varchar(255) not null,
        created_at timestamp,
        updated_at timestamp,
        state varchar(255),
        user_name varchar(255) not null,
        user_pw varchar(255) not null,
        user_type varchar(255),
        primary key (user_id)
    )
Hibernate: 
    
    alter table cart_product 
       add constraint FKl5v8kpnp2t3jvldiyss8u264e 
       foreign key (cart_id) 
       references compare_cart
Hibernate: 
    
    alter table exclude_keyword 
       add constraint FK4n8vwxbm7iopw0m7g31dgfaw6 
       foreign key (filter_keyword_id) 
       references filter_keyword
2023-05-08 02:15:49.283  INFO 28568 --- [    Test worker] o.h.e.t.j.p.i.JtaPlatformInitiator       : HHH000490: Using JtaPlatform implementation: [org.hibernate.engine.transaction.jta.platform.internal.NoJtaPlatform]
2023-05-08 02:15:49.284  INFO 28568 --- [    Test worker] j.LocalContainerEntityManagerFactoryBean : Initialized JPA EntityManagerFactory for persistence unit 'default'
2023-05-08 02:15:49.452  WARN 28568 --- [    Test worker] JpaBaseConfiguration$JpaWebConfiguration : spring.jpa.open-in-view is enabled by default. Therefore, database queries may be performed during view rendering. Explicitly configure spring.jpa.open-in-view to disable this warning
2023-05-08 02:15:49.556  INFO 28568 --- [    Test worker] o.s.b.a.h2.H2ConsoleAutoConfiguration    : H2 console available at '/h2-console'. Database available at 'jdbc:h2:mem:3c8fd082-14ba-4ff1-8e17-b13915483e45'
2023-05-08 02:15:49.916  INFO 28568 --- [    Test worker] com.jung.service.CompareCartServiceTest  : Started CompareCartServiceTest in 1.097 seconds (JVM running for 10.683)
Hibernate: 
    select
        comparecar0_.cart_id as cart_id1_2_,
        comparecar0_.created_at as created_2_2_,
        comparecar0_.updated_at as updated_3_2_,
        comparecar0_.owner_id as owner_id4_2_,
        comparecar0_.total_cnt as total_cn5_2_ 
    from
        compare_cart comparecar0_ 
    where
        comparecar0_.owner_id=?
Hibernate: 
    call next value for hibernate_sequence
Hibernate: 
    insert 
    into
        compare_cart
        (created_at, updated_at, owner_id, total_cnt, cart_id) 
    values
        (?, ?, ?, ?, ?)
2023-05-08 02:15:49.932  INFO 28568 --- [    Test worker] o.s.t.c.transaction.TransactionContext   : Began transaction (1) for test context [DefaultTestContext@11d179b8 testClass = CompareCartServiceTest, testInstance = com.jung.service.CompareCartServiceTest@45944dfe, testMethod = removeNotInProductFromCart@CompareCartServiceTest, testException = [null], mergedContextConfiguration = [WebMergedContextConfiguration@2b0521fd testClass = CompareCartServiceTest, locations = '{}', classes = '{class com.jung.CompareCartApplication}', contextInitializerClasses = '[]', activeProfiles = '{}', propertySourceLocations = '{}', propertySourceProperties = '{org.springframework.boot.test.context.SpringBootTestContextBootstrapper=true}', contextCustomizers = set[org.springframework.boot.test.autoconfigure.actuate.metrics.MetricsExportContextCustomizerFactory$DisableMetricExportContextCustomizer@2774dcf4, org.springframework.boot.test.autoconfigure.properties.PropertyMappingContextCustomizer@0, org.springframework.boot.test.autoconfigure.web.servlet.WebDriverContextCustomizerFactory$Customizer@11e834ad, org.springframework.boot.test.context.filter.ExcludeFilterContextCustomizer@3303e89e, org.springframework.boot.test.json.DuplicateJsonObjectContextCustomizerFactory$DuplicateJsonObjectContextCustomizer@721fc2e3, org.springframework.boot.test.mock.mockito.MockitoContextCustomizer@0, org.springframework.boot.test.web.client.TestRestTemplateContextCustomizer@595fed99, org.springframework.boot.test.context.SpringBootTestArgs@1, org.springframework.boot.test.context.SpringBootTestWebEnvironment@76f856a8], resourceBasePath = 'src/main/webapp', contextLoader = 'org.springframework.boot.test.context.SpringBootContextLoader', parent = [null]], attributes = map['org.springframework.test.context.web.ServletTestExecutionListener.activateListener' -> true, 'org.springframework.test.context.web.ServletTestExecutionListener.populatedRequestContextHolder' -> true, 'org.springframework.test.context.web.ServletTestExecutionListener.resetRequestContextHolder' -> true, 'org.springframework.test.context.event.ApplicationEventsTestExecutionListener.recordApplicationEvents' -> false]]; transaction manager [org.springframework.orm.jpa.JpaTransactionManager@6585ae50]; rollback [true]
Hibernate: 
    select
        comparecar0_.cart_id as cart_id1_2_,
        comparecar0_.created_at as created_2_2_,
        comparecar0_.updated_at as updated_3_2_,
        comparecar0_.owner_id as owner_id4_2_,
        comparecar0_.total_cnt as total_cn5_2_ 
    from
        compare_cart comparecar0_ 
    where
        comparecar0_.owner_id=?
Hibernate: 
    select
        cartproduc0_.cart_id as cart_id3_1_0_,
        cartproduc0_.id as id1_1_0_,
        cartproduc0_.id as id1_1_1_,
        cartproduc0_.cart_id as cart_id3_1_1_,
        cartproduc0_.product_id as product_2_1_1_ 
    from
        cart_product cartproduc0_ 
    where
        cartproduc0_.cart_id=?
2023-05-08 02:15:49.944  INFO 28568 --- [    Test worker] o.s.t.c.transaction.TransactionContext   : Rolled back transaction for test: [DefaultTestContext@11d179b8 testClass = CompareCartServiceTest, testInstance = com.jung.service.CompareCartServiceTest@45944dfe, testMethod = removeNotInProductFromCart@CompareCartServiceTest, testException = [null], mergedContextConfiguration = [WebMergedContextConfiguration@2b0521fd testClass = CompareCartServiceTest, locations = '{}', classes = '{class com.jung.CompareCartApplication}', contextInitializerClasses = '[]', activeProfiles = '{}', propertySourceLocations = '{}', propertySourceProperties = '{org.springframework.boot.test.context.SpringBootTestContextBootstrapper=true}', contextCustomizers = set[org.springframework.boot.test.autoconfigure.actuate.metrics.MetricsExportContextCustomizerFactory$DisableMetricExportContextCustomizer@2774dcf4, org.springframework.boot.test.autoconfigure.properties.PropertyMappingContextCustomizer@0, org.springframework.boot.test.autoconfigure.web.servlet.WebDriverContextCustomizerFactory$Customizer@11e834ad, org.springframework.boot.test.context.filter.ExcludeFilterContextCustomizer@3303e89e, org.springframework.boot.test.json.DuplicateJsonObjectContextCustomizerFactory$DuplicateJsonObjectContextCustomizer@721fc2e3, org.springframework.boot.test.mock.mockito.MockitoContextCustomizer@0, org.springframework.boot.test.web.client.TestRestTemplateContextCustomizer@595fed99, org.springframework.boot.test.context.SpringBootTestArgs@1, org.springframework.boot.test.context.SpringBootTestWebEnvironment@76f856a8], resourceBasePath = 'src/main/webapp', contextLoader = 'org.springframework.boot.test.context.SpringBootContextLoader', parent = [null]], attributes = map['org.springframework.test.context.web.ServletTestExecutionListener.activateListener' -> true, 'org.springframework.test.context.web.ServletTestExecutionListener.populatedRequestContextHolder' -> true, 'org.springframework.test.context.web.ServletTestExecutionListener.resetRequestContextHolder' -> true, 'org.springframework.test.context.event.ApplicationEventsTestExecutionListener.recordApplicationEvents' -> false]]
2023-05-08 02:15:49.946  INFO 28568 --- [    Test worker] o.s.t.c.transaction.TransactionContext   : Began transaction (1) for test context [DefaultTestContext@11d179b8 testClass = CompareCartServiceTest, testInstance = com.jung.service.CompareCartServiceTest@45944dfe, testMethod = clearCart@CompareCartServiceTest, testException = [null], mergedContextConfiguration = [WebMergedContextConfiguration@2b0521fd testClass = CompareCartServiceTest, locations = '{}', classes = '{class com.jung.CompareCartApplication}', contextInitializerClasses = '[]', activeProfiles = '{}', propertySourceLocations = '{}', propertySourceProperties = '{org.springframework.boot.test.context.SpringBootTestContextBootstrapper=true}', contextCustomizers = set[org.springframework.boot.test.autoconfigure.actuate.metrics.MetricsExportContextCustomizerFactory$DisableMetricExportContextCustomizer@2774dcf4, org.springframework.boot.test.autoconfigure.properties.PropertyMappingContextCustomizer@0, org.springframework.boot.test.autoconfigure.web.servlet.WebDriverContextCustomizerFactory$Customizer@11e834ad, org.springframework.boot.test.context.filter.ExcludeFilterContextCustomizer@3303e89e, org.springframework.boot.test.json.DuplicateJsonObjectContextCustomizerFactory$DuplicateJsonObjectContextCustomizer@721fc2e3, org.springframework.boot.test.mock.mockito.MockitoContextCustomizer@0, org.springframework.boot.test.web.client.TestRestTemplateContextCustomizer@595fed99, org.springframework.boot.test.context.SpringBootTestArgs@1, org.springframework.boot.test.context.SpringBootTestWebEnvironment@76f856a8], resourceBasePath = 'src/main/webapp', contextLoader = 'org.springframework.boot.test.context.SpringBootContextLoader', parent = [null]], attributes = map['org.springframework.test.context.web.ServletTestExecutionListener.activateListener' -> true, 'org.springframework.test.context.web.ServletTestExecutionListener.populatedRequestContextHolder' -> true, 'org.springframework.test.context.web.ServletTestExecutionListener.resetRequestContextHolder' -> true, 'org.springframework.test.context.event.ApplicationEventsTestExecutionListener.recordApplicationEvents' -> false]]; transaction manager [org.springframework.orm.jpa.JpaTransactionManager@6585ae50]; rollback [true]
Hibernate: 
    select
        comparecar0_.cart_id as cart_id1_2_,
        comparecar0_.created_at as created_2_2_,
        comparecar0_.updated_at as updated_3_2_,
        comparecar0_.owner_id as owner_id4_2_,
        comparecar0_.total_cnt as total_cn5_2_ 
    from
        compare_cart comparecar0_ 
    where
        comparecar0_.owner_id=?
Hibernate: 
    select
        comparecar0_.cart_id as cart_id1_2_,
        comparecar0_.created_at as created_2_2_,
        comparecar0_.updated_at as updated_3_2_,
        comparecar0_.owner_id as owner_id4_2_,
        comparecar0_.total_cnt as total_cn5_2_ 
    from
        compare_cart comparecar0_ 
    where
        comparecar0_.owner_id=?
Hibernate: 
    select
        cartproduc0_.cart_id as cart_id3_1_0_,
        cartproduc0_.id as id1_1_0_,
        cartproduc0_.id as id1_1_1_,
        cartproduc0_.cart_id as cart_id3_1_1_,
        cartproduc0_.product_id as product_2_1_1_ 
    from
        cart_product cartproduc0_ 
    where
        cartproduc0_.cart_id=?
2023-05-08 02:15:49.954  INFO 28568 --- [    Test worker] o.s.t.c.transaction.TransactionContext   : Rolled back transaction for test: [DefaultTestContext@11d179b8 testClass = CompareCartServiceTest, testInstance = com.jung.service.CompareCartServiceTest@45944dfe, testMethod = clearCart@CompareCartServiceTest, testException = [null], mergedContextConfiguration = [WebMergedContextConfiguration@2b0521fd testClass = CompareCartServiceTest, locations = '{}', classes = '{class com.jung.CompareCartApplication}', contextInitializerClasses = '[]', activeProfiles = '{}', propertySourceLocations = '{}', propertySourceProperties = '{org.springframework.boot.test.context.SpringBootTestContextBootstrapper=true}', contextCustomizers = set[org.springframework.boot.test.autoconfigure.actuate.metrics.MetricsExportContextCustomizerFactory$DisableMetricExportContextCustomizer@2774dcf4, org.springframework.boot.test.autoconfigure.properties.PropertyMappingContextCustomizer@0, org.springframework.boot.test.autoconfigure.web.servlet.WebDriverContextCustomizerFactory$Customizer@11e834ad, org.springframework.boot.test.context.filter.ExcludeFilterContextCustomizer@3303e89e, org.springframework.boot.test.json.DuplicateJsonObjectContextCustomizerFactory$DuplicateJsonObjectContextCustomizer@721fc2e3, org.springframework.boot.test.mock.mockito.MockitoContextCustomizer@0, org.springframework.boot.test.web.client.TestRestTemplateContextCustomizer@595fed99, org.springframework.boot.test.context.SpringBootTestArgs@1, org.springframework.boot.test.context.SpringBootTestWebEnvironment@76f856a8], resourceBasePath = 'src/main/webapp', contextLoader = 'org.springframework.boot.test.context.SpringBootContextLoader', parent = [null]], attributes = map['org.springframework.test.context.web.ServletTestExecutionListener.activateListener' -> true, 'org.springframework.test.context.web.ServletTestExecutionListener.populatedRequestContextHolder' -> true, 'org.springframework.test.context.web.ServletTestExecutionListener.resetRequestContextHolder' -> true, 'org.springframework.test.context.event.ApplicationEventsTestExecutionListener.recordApplicationEvents' -> false]]
2023-05-08 02:15:49.956  INFO 28568 --- [    Test worker] o.s.t.c.transaction.TransactionContext   : Began transaction (1) for test context [DefaultTestContext@11d179b8 testClass = CompareCartServiceTest, testInstance = com.jung.service.CompareCartServiceTest@45944dfe, testMethod = searchCart@CompareCartServiceTest, testException = [null], mergedContextConfiguration = [WebMergedContextConfiguration@2b0521fd testClass = CompareCartServiceTest, locations = '{}', classes = '{class com.jung.CompareCartApplication}', contextInitializerClasses = '[]', activeProfiles = '{}', propertySourceLocations = '{}', propertySourceProperties = '{org.springframework.boot.test.context.SpringBootTestContextBootstrapper=true}', contextCustomizers = set[org.springframework.boot.test.autoconfigure.actuate.metrics.MetricsExportContextCustomizerFactory$DisableMetricExportContextCustomizer@2774dcf4, org.springframework.boot.test.autoconfigure.properties.PropertyMappingContextCustomizer@0, org.springframework.boot.test.autoconfigure.web.servlet.WebDriverContextCustomizerFactory$Customizer@11e834ad, org.springframework.boot.test.context.filter.ExcludeFilterContextCustomizer@3303e89e, org.springframework.boot.test.json.DuplicateJsonObjectContextCustomizerFactory$DuplicateJsonObjectContextCustomizer@721fc2e3, org.springframework.boot.test.mock.mockito.MockitoContextCustomizer@0, org.springframework.boot.test.web.client.TestRestTemplateContextCustomizer@595fed99, org.springframework.boot.test.context.SpringBootTestArgs@1, org.springframework.boot.test.context.SpringBootTestWebEnvironment@76f856a8], resourceBasePath = 'src/main/webapp', contextLoader = 'org.springframework.boot.test.context.SpringBootContextLoader', parent = [null]], attributes = map['org.springframework.test.context.web.ServletTestExecutionListener.activateListener' -> true, 'org.springframework.test.context.web.ServletTestExecutionListener.populatedRequestContextHolder' -> true, 'org.springframework.test.context.web.ServletTestExecutionListener.resetRequestContextHolder' -> true, 'org.springframework.test.context.event.ApplicationEventsTestExecutionListener.recordApplicationEvents' -> false]]; transaction manager [org.springframework.orm.jpa.JpaTransactionManager@6585ae50]; rollback [true]
Hibernate: 
    select
        comparecar0_.cart_id as cart_id1_2_,
        comparecar0_.created_at as created_2_2_,
        comparecar0_.updated_at as updated_3_2_,
        comparecar0_.owner_id as owner_id4_2_,
        comparecar0_.total_cnt as total_cn5_2_ 
    from
        compare_cart comparecar0_ 
    where
        comparecar0_.owner_id=?
2023-05-08 02:15:49.960  INFO 28568 --- [    Test worker] o.s.t.c.transaction.TransactionContext   : Rolled back transaction for test: [DefaultTestContext@11d179b8 testClass = CompareCartServiceTest, testInstance = com.jung.service.CompareCartServiceTest@45944dfe, testMethod = searchCart@CompareCartServiceTest, testException = [null], mergedContextConfiguration = [WebMergedContextConfiguration@2b0521fd testClass = CompareCartServiceTest, locations = '{}', classes = '{class com.jung.CompareCartApplication}', contextInitializerClasses = '[]', activeProfiles = '{}', propertySourceLocations = '{}', propertySourceProperties = '{org.springframework.boot.test.context.SpringBootTestContextBootstrapper=true}', contextCustomizers = set[org.springframework.boot.test.autoconfigure.actuate.metrics.MetricsExportContextCustomizerFactory$DisableMetricExportContextCustomizer@2774dcf4, org.springframework.boot.test.autoconfigure.properties.PropertyMappingContextCustomizer@0, org.springframework.boot.test.autoconfigure.web.servlet.WebDriverContextCustomizerFactory$Customizer@11e834ad, org.springframework.boot.test.context.filter.ExcludeFilterContextCustomizer@3303e89e, org.springframework.boot.test.json.DuplicateJsonObjectContextCustomizerFactory$DuplicateJsonObjectContextCustomizer@721fc2e3, org.springframework.boot.test.mock.mockito.MockitoContextCustomizer@0, org.springframework.boot.test.web.client.TestRestTemplateContextCustomizer@595fed99, org.springframework.boot.test.context.SpringBootTestArgs@1, org.springframework.boot.test.context.SpringBootTestWebEnvironment@76f856a8], resourceBasePath = 'src/main/webapp', contextLoader = 'org.springframework.boot.test.context.SpringBootContextLoader', parent = [null]], attributes = map['org.springframework.test.context.web.ServletTestExecutionListener.activateListener' -> true, 'org.springframework.test.context.web.ServletTestExecutionListener.populatedRequestContextHolder' -> true, 'org.springframework.test.context.web.ServletTestExecutionListener.resetRequestContextHolder' -> true, 'org.springframework.test.context.event.ApplicationEventsTestExecutionListener.recordApplicationEvents' -> false]]
2023-05-08 02:15:49.962  INFO 28568 --- [    Test worker] o.s.t.c.transaction.TransactionContext   : Began transaction (1) for test context [DefaultTestContext@11d179b8 testClass = CompareCartServiceTest, testInstance = com.jung.service.CompareCartServiceTest@45944dfe, testMethod = generateCartWithDup@CompareCartServiceTest, testException = [null], mergedContextConfiguration = [WebMergedContextConfiguration@2b0521fd testClass = CompareCartServiceTest, locations = '{}', classes = '{class com.jung.CompareCartApplication}', contextInitializerClasses = '[]', activeProfiles = '{}', propertySourceLocations = '{}', propertySourceProperties = '{org.springframework.boot.test.context.SpringBootTestContextBootstrapper=true}', contextCustomizers = set[org.springframework.boot.test.autoconfigure.actuate.metrics.MetricsExportContextCustomizerFactory$DisableMetricExportContextCustomizer@2774dcf4, org.springframework.boot.test.autoconfigure.properties.PropertyMappingContextCustomizer@0, org.springframework.boot.test.autoconfigure.web.servlet.WebDriverContextCustomizerFactory$Customizer@11e834ad, org.springframework.boot.test.context.filter.ExcludeFilterContextCustomizer@3303e89e, org.springframework.boot.test.json.DuplicateJsonObjectContextCustomizerFactory$DuplicateJsonObjectContextCustomizer@721fc2e3, org.springframework.boot.test.mock.mockito.MockitoContextCustomizer@0, org.springframework.boot.test.web.client.TestRestTemplateContextCustomizer@595fed99, org.springframework.boot.test.context.SpringBootTestArgs@1, org.springframework.boot.test.context.SpringBootTestWebEnvironment@76f856a8], resourceBasePath = 'src/main/webapp', contextLoader = 'org.springframework.boot.test.context.SpringBootContextLoader', parent = [null]], attributes = map['org.springframework.test.context.web.ServletTestExecutionListener.activateListener' -> true, 'org.springframework.test.context.web.ServletTestExecutionListener.populatedRequestContextHolder' -> true, 'org.springframework.test.context.web.ServletTestExecutionListener.resetRequestContextHolder' -> true, 'org.springframework.test.context.event.ApplicationEventsTestExecutionListener.recordApplicationEvents' -> false]]; transaction manager [org.springframework.orm.jpa.JpaTransactionManager@6585ae50]; rollback [true]
Hibernate: 
    select
        comparecar0_.cart_id as cart_id1_2_,
        comparecar0_.created_at as created_2_2_,
        comparecar0_.updated_at as updated_3_2_,
        comparecar0_.owner_id as owner_id4_2_,
        comparecar0_.total_cnt as total_cn5_2_ 
    from
        compare_cart comparecar0_ 
    where
        comparecar0_.owner_id=?
2023-05-08 02:15:49.966  INFO 28568 --- [    Test worker] o.s.t.c.transaction.TransactionContext   : Rolled back transaction for test: [DefaultTestContext@11d179b8 testClass = CompareCartServiceTest, testInstance = com.jung.service.CompareCartServiceTest@45944dfe, testMethod = generateCartWithDup@CompareCartServiceTest, testException = [null], mergedContextConfiguration = [WebMergedContextConfiguration@2b0521fd testClass = CompareCartServiceTest, locations = '{}', classes = '{class com.jung.CompareCartApplication}', contextInitializerClasses = '[]', activeProfiles = '{}', propertySourceLocations = '{}', propertySourceProperties = '{org.springframework.boot.test.context.SpringBootTestContextBootstrapper=true}', contextCustomizers = set[org.springframework.boot.test.autoconfigure.actuate.metrics.MetricsExportContextCustomizerFactory$DisableMetricExportContextCustomizer@2774dcf4, org.springframework.boot.test.autoconfigure.properties.PropertyMappingContextCustomizer@0, org.springframework.boot.test.autoconfigure.web.servlet.WebDriverContextCustomizerFactory$Customizer@11e834ad, org.springframework.boot.test.context.filter.ExcludeFilterContextCustomizer@3303e89e, org.springframework.boot.test.json.DuplicateJsonObjectContextCustomizerFactory$DuplicateJsonObjectContextCustomizer@721fc2e3, org.springframework.boot.test.mock.mockito.MockitoContextCustomizer@0, org.springframework.boot.test.web.client.TestRestTemplateContextCustomizer@595fed99, org.springframework.boot.test.context.SpringBootTestArgs@1, org.springframework.boot.test.context.SpringBootTestWebEnvironment@76f856a8], resourceBasePath = 'src/main/webapp', contextLoader = 'org.springframework.boot.test.context.SpringBootContextLoader', parent = [null]], attributes = map['org.springframework.test.context.web.ServletTestExecutionListener.activateListener' -> true, 'org.springframework.test.context.web.ServletTestExecutionListener.populatedRequestContextHolder' -> true, 'org.springframework.test.context.web.ServletTestExecutionListener.resetRequestContextHolder' -> true, 'org.springframework.test.context.event.ApplicationEventsTestExecutionListener.recordApplicationEvents' -> false]]
2023-05-08 02:15:49.968  INFO 28568 --- [    Test worker] o.s.t.c.transaction.TransactionContext   : Began transaction (1) for test context [DefaultTestContext@11d179b8 testClass = CompareCartServiceTest, testInstance = com.jung.service.CompareCartServiceTest@45944dfe, testMethod = addProductToCart@CompareCartServiceTest, testException = [null], mergedContextConfiguration = [WebMergedContextConfiguration@2b0521fd testClass = CompareCartServiceTest, locations = '{}', classes = '{class com.jung.CompareCartApplication}', contextInitializerClasses = '[]', activeProfiles = '{}', propertySourceLocations = '{}', propertySourceProperties = '{org.springframework.boot.test.context.SpringBootTestContextBootstrapper=true}', contextCustomizers = set[org.springframework.boot.test.autoconfigure.actuate.metrics.MetricsExportContextCustomizerFactory$DisableMetricExportContextCustomizer@2774dcf4, org.springframework.boot.test.autoconfigure.properties.PropertyMappingContextCustomizer@0, org.springframework.boot.test.autoconfigure.web.servlet.WebDriverContextCustomizerFactory$Customizer@11e834ad, org.springframework.boot.test.context.filter.ExcludeFilterContextCustomizer@3303e89e, org.springframework.boot.test.json.DuplicateJsonObjectContextCustomizerFactory$DuplicateJsonObjectContextCustomizer@721fc2e3, org.springframework.boot.test.mock.mockito.MockitoContextCustomizer@0, org.springframework.boot.test.web.client.TestRestTemplateContextCustomizer@595fed99, org.springframework.boot.test.context.SpringBootTestArgs@1, org.springframework.boot.test.context.SpringBootTestWebEnvironment@76f856a8], resourceBasePath = 'src/main/webapp', contextLoader = 'org.springframework.boot.test.context.SpringBootContextLoader', parent = [null]], attributes = map['org.springframework.test.context.web.ServletTestExecutionListener.activateListener' -> true, 'org.springframework.test.context.web.ServletTestExecutionListener.populatedRequestContextHolder' -> true, 'org.springframework.test.context.web.ServletTestExecutionListener.resetRequestContextHolder' -> true, 'org.springframework.test.context.event.ApplicationEventsTestExecutionListener.recordApplicationEvents' -> false]]; transaction manager [org.springframework.orm.jpa.JpaTransactionManager@6585ae50]; rollback [true]
Hibernate: 
    select
        comparecar0_.cart_id as cart_id1_2_,
        comparecar0_.created_at as created_2_2_,
        comparecar0_.updated_at as updated_3_2_,
        comparecar0_.owner_id as owner_id4_2_,
        comparecar0_.total_cnt as total_cn5_2_ 
    from
        compare_cart comparecar0_ 
    where
        comparecar0_.owner_id=?
Hibernate: 
    select
        comparecar0_.cart_id as cart_id1_2_,
        comparecar0_.created_at as created_2_2_,
        comparecar0_.updated_at as updated_3_2_,
        comparecar0_.owner_id as owner_id4_2_,
        comparecar0_.total_cnt as total_cn5_2_ 
    from
        compare_cart comparecar0_ 
    where
        comparecar0_.owner_id=?
Hibernate: 
    select
        cartproduc0_.cart_id as cart_id3_1_0_,
        cartproduc0_.id as id1_1_0_,
        cartproduc0_.id as id1_1_1_,
        cartproduc0_.cart_id as cart_id3_1_1_,
        cartproduc0_.product_id as product_2_1_1_ 
    from
        cart_product cartproduc0_ 
    where
        cartproduc0_.cart_id=?
2023-05-08 02:15:49.976  INFO 28568 --- [    Test worker] o.s.t.c.transaction.TransactionContext   : Rolled back transaction for test: [DefaultTestContext@11d179b8 testClass = CompareCartServiceTest, testInstance = com.jung.service.CompareCartServiceTest@45944dfe, testMethod = addProductToCart@CompareCartServiceTest, testException = [null], mergedContextConfiguration = [WebMergedContextConfiguration@2b0521fd testClass = CompareCartServiceTest, locations = '{}', classes = '{class com.jung.CompareCartApplication}', contextInitializerClasses = '[]', activeProfiles = '{}', propertySourceLocations = '{}', propertySourceProperties = '{org.springframework.boot.test.context.SpringBootTestContextBootstrapper=true}', contextCustomizers = set[org.springframework.boot.test.autoconfigure.actuate.metrics.MetricsExportContextCustomizerFactory$DisableMetricExportContextCustomizer@2774dcf4, org.springframework.boot.test.autoconfigure.properties.PropertyMappingContextCustomizer@0, org.springframework.boot.test.autoconfigure.web.servlet.WebDriverContextCustomizerFactory$Customizer@11e834ad, org.springframework.boot.test.context.filter.ExcludeFilterContextCustomizer@3303e89e, org.springframework.boot.test.json.DuplicateJsonObjectContextCustomizerFactory$DuplicateJsonObjectContextCustomizer@721fc2e3, org.springframework.boot.test.mock.mockito.MockitoContextCustomizer@0, org.springframework.boot.test.web.client.TestRestTemplateContextCustomizer@595fed99, org.springframework.boot.test.context.SpringBootTestArgs@1, org.springframework.boot.test.context.SpringBootTestWebEnvironment@76f856a8], resourceBasePath = 'src/main/webapp', contextLoader = 'org.springframework.boot.test.context.SpringBootContextLoader', parent = [null]], attributes = map['org.springframework.test.context.web.ServletTestExecutionListener.activateListener' -> true, 'org.springframework.test.context.web.ServletTestExecutionListener.populatedRequestContextHolder' -> true, 'org.springframework.test.context.web.ServletTestExecutionListener.resetRequestContextHolder' -> true, 'org.springframework.test.context.event.ApplicationEventsTestExecutionListener.recordApplicationEvents' -> false]]
2023-05-08 02:15:49.978  INFO 28568 --- [    Test worker] o.s.t.c.transaction.TransactionContext   : Began transaction (1) for test context [DefaultTestContext@11d179b8 testClass = CompareCartServiceTest, testInstance = com.jung.service.CompareCartServiceTest@45944dfe, testMethod = removeCart@CompareCartServiceTest, testException = [null], mergedContextConfiguration = [WebMergedContextConfiguration@2b0521fd testClass = CompareCartServiceTest, locations = '{}', classes = '{class com.jung.CompareCartApplication}', contextInitializerClasses = '[]', activeProfiles = '{}', propertySourceLocations = '{}', propertySourceProperties = '{org.springframework.boot.test.context.SpringBootTestContextBootstrapper=true}', contextCustomizers = set[org.springframework.boot.test.autoconfigure.actuate.metrics.MetricsExportContextCustomizerFactory$DisableMetricExportContextCustomizer@2774dcf4, org.springframework.boot.test.autoconfigure.properties.PropertyMappingContextCustomizer@0, org.springframework.boot.test.autoconfigure.web.servlet.WebDriverContextCustomizerFactory$Customizer@11e834ad, org.springframework.boot.test.context.filter.ExcludeFilterContextCustomizer@3303e89e, org.springframework.boot.test.json.DuplicateJsonObjectContextCustomizerFactory$DuplicateJsonObjectContextCustomizer@721fc2e3, org.springframework.boot.test.mock.mockito.MockitoContextCustomizer@0, org.springframework.boot.test.web.client.TestRestTemplateContextCustomizer@595fed99, org.springframework.boot.test.context.SpringBootTestArgs@1, org.springframework.boot.test.context.SpringBootTestWebEnvironment@76f856a8], resourceBasePath = 'src/main/webapp', contextLoader = 'org.springframework.boot.test.context.SpringBootContextLoader', parent = [null]], attributes = map['org.springframework.test.context.web.ServletTestExecutionListener.activateListener' -> true, 'org.springframework.test.context.web.ServletTestExecutionListener.populatedRequestContextHolder' -> true, 'org.springframework.test.context.web.ServletTestExecutionListener.resetRequestContextHolder' -> true, 'org.springframework.test.context.event.ApplicationEventsTestExecutionListener.recordApplicationEvents' -> false]]; transaction manager [org.springframework.orm.jpa.JpaTransactionManager@6585ae50]; rollback [true]
Hibernate: 
    select
        comparecar0_.cart_id as cart_id1_2_,
        comparecar0_.created_at as created_2_2_,
        comparecar0_.updated_at as updated_3_2_,
        comparecar0_.owner_id as owner_id4_2_,
        comparecar0_.total_cnt as total_cn5_2_ 
    from
        compare_cart comparecar0_ 
    where
        comparecar0_.owner_id=?
Hibernate: 
    delete 
    from
        compare_cart 
    where
        cart_id=?
Hibernate: 
    select
        comparecar0_.cart_id as cart_id1_2_,
        comparecar0_.created_at as created_2_2_,
        comparecar0_.updated_at as updated_3_2_,
        comparecar0_.owner_id as owner_id4_2_,
        comparecar0_.total_cnt as total_cn5_2_ 
    from
        compare_cart comparecar0_ 
    where
        comparecar0_.owner_id=?
2023-05-08 02:15:49.988  INFO 28568 --- [    Test worker] o.s.t.c.transaction.TransactionContext   : Rolled back transaction for test: [DefaultTestContext@11d179b8 testClass = CompareCartServiceTest, testInstance = com.jung.service.CompareCartServiceTest@45944dfe, testMethod = removeCart@CompareCartServiceTest, testException = [null], mergedContextConfiguration = [WebMergedContextConfiguration@2b0521fd testClass = CompareCartServiceTest, locations = '{}', classes = '{class com.jung.CompareCartApplication}', contextInitializerClasses = '[]', activeProfiles = '{}', propertySourceLocations = '{}', propertySourceProperties = '{org.springframework.boot.test.context.SpringBootTestContextBootstrapper=true}', contextCustomizers = set[org.springframework.boot.test.autoconfigure.actuate.metrics.MetricsExportContextCustomizerFactory$DisableMetricExportContextCustomizer@2774dcf4, org.springframework.boot.test.autoconfigure.properties.PropertyMappingContextCustomizer@0, org.springframework.boot.test.autoconfigure.web.servlet.WebDriverContextCustomizerFactory$Customizer@11e834ad, org.springframework.boot.test.context.filter.ExcludeFilterContextCustomizer@3303e89e, org.springframework.boot.test.json.DuplicateJsonObjectContextCustomizerFactory$DuplicateJsonObjectContextCustomizer@721fc2e3, org.springframework.boot.test.mock.mockito.MockitoContextCustomizer@0, org.springframework.boot.test.web.client.TestRestTemplateContextCustomizer@595fed99, org.springframework.boot.test.context.SpringBootTestArgs@1, org.springframework.boot.test.context.SpringBootTestWebEnvironment@76f856a8], resourceBasePath = 'src/main/webapp', contextLoader = 'org.springframework.boot.test.context.SpringBootContextLoader', parent = [null]], attributes = map['org.springframework.test.context.web.ServletTestExecutionListener.activateListener' -> true, 'org.springframework.test.context.web.ServletTestExecutionListener.populatedRequestContextHolder' -> true, 'org.springframework.test.context.web.ServletTestExecutionListener.resetRequestContextHolder' -> true, 'org.springframework.test.context.event.ApplicationEventsTestExecutionListener.recordApplicationEvents' -> false]]
2023-05-08 02:15:49.990  INFO 28568 --- [    Test worker] o.s.t.c.transaction.TransactionContext   : Began transaction (1) for test context [DefaultTestContext@11d179b8 testClass = CompareCartServiceTest, testInstance = com.jung.service.CompareCartServiceTest@45944dfe, testMethod = generateCart@CompareCartServiceTest, testException = [null], mergedContextConfiguration = [WebMergedContextConfiguration@2b0521fd testClass = CompareCartServiceTest, locations = '{}', classes = '{class com.jung.CompareCartApplication}', contextInitializerClasses = '[]', activeProfiles = '{}', propertySourceLocations = '{}', propertySourceProperties = '{org.springframework.boot.test.context.SpringBootTestContextBootstrapper=true}', contextCustomizers = set[org.springframework.boot.test.autoconfigure.actuate.metrics.MetricsExportContextCustomizerFactory$DisableMetricExportContextCustomizer@2774dcf4, org.springframework.boot.test.autoconfigure.properties.PropertyMappingContextCustomizer@0, org.springframework.boot.test.autoconfigure.web.servlet.WebDriverContextCustomizerFactory$Customizer@11e834ad, org.springframework.boot.test.context.filter.ExcludeFilterContextCustomizer@3303e89e, org.springframework.boot.test.json.DuplicateJsonObjectContextCustomizerFactory$DuplicateJsonObjectContextCustomizer@721fc2e3, org.springframework.boot.test.mock.mockito.MockitoContextCustomizer@0, org.springframework.boot.test.web.client.TestRestTemplateContextCustomizer@595fed99, org.springframework.boot.test.context.SpringBootTestArgs@1, org.springframework.boot.test.context.SpringBootTestWebEnvironment@76f856a8], resourceBasePath = 'src/main/webapp', contextLoader = 'org.springframework.boot.test.context.SpringBootContextLoader', parent = [null]], attributes = map['org.springframework.test.context.web.ServletTestExecutionListener.activateListener' -> true, 'org.springframework.test.context.web.ServletTestExecutionListener.populatedRequestContextHolder' -> true, 'org.springframework.test.context.web.ServletTestExecutionListener.resetRequestContextHolder' -> true, 'org.springframework.test.context.event.ApplicationEventsTestExecutionListener.recordApplicationEvents' -> false]]; transaction manager [org.springframework.orm.jpa.JpaTransactionManager@6585ae50]; rollback [true]
Hibernate: 
    select
        comparecar0_.cart_id as cart_id1_2_,
        comparecar0_.created_at as created_2_2_,
        comparecar0_.updated_at as updated_3_2_,
        comparecar0_.owner_id as owner_id4_2_,
        comparecar0_.total_cnt as total_cn5_2_ 
    from
        compare_cart comparecar0_ 
    where
        comparecar0_.owner_id=?
Hibernate: 
    call next value for hibernate_sequence
Hibernate: 
    insert 
    into
        compare_cart
        (created_at, updated_at, owner_id, total_cnt, cart_id) 
    values
        (?, ?, ?, ?, ?)
Hibernate: 
    select
        comparecar0_.cart_id as cart_id1_2_,
        comparecar0_.created_at as created_2_2_,
        comparecar0_.updated_at as updated_3_2_,
        comparecar0_.owner_id as owner_id4_2_,
        comparecar0_.total_cnt as total_cn5_2_ 
    from
        compare_cart comparecar0_ 
    where
        comparecar0_.owner_id=?
2023-05-08 02:15:49.998  INFO 28568 --- [    Test worker] o.s.t.c.transaction.TransactionContext   : Rolled back transaction for test: [DefaultTestContext@11d179b8 testClass = CompareCartServiceTest, testInstance = com.jung.service.CompareCartServiceTest@45944dfe, testMethod = generateCart@CompareCartServiceTest, testException = [null], mergedContextConfiguration = [WebMergedContextConfiguration@2b0521fd testClass = CompareCartServiceTest, locations = '{}', classes = '{class com.jung.CompareCartApplication}', contextInitializerClasses = '[]', activeProfiles = '{}', propertySourceLocations = '{}', propertySourceProperties = '{org.springframework.boot.test.context.SpringBootTestContextBootstrapper=true}', contextCustomizers = set[org.springframework.boot.test.autoconfigure.actuate.metrics.MetricsExportContextCustomizerFactory$DisableMetricExportContextCustomizer@2774dcf4, org.springframework.boot.test.autoconfigure.properties.PropertyMappingContextCustomizer@0, org.springframework.boot.test.autoconfigure.web.servlet.WebDriverContextCustomizerFactory$Customizer@11e834ad, org.springframework.boot.test.context.filter.ExcludeFilterContextCustomizer@3303e89e, org.springframework.boot.test.json.DuplicateJsonObjectContextCustomizerFactory$DuplicateJsonObjectContextCustomizer@721fc2e3, org.springframework.boot.test.mock.mockito.MockitoContextCustomizer@0, org.springframework.boot.test.web.client.TestRestTemplateContextCustomizer@595fed99, org.springframework.boot.test.context.SpringBootTestArgs@1, org.springframework.boot.test.context.SpringBootTestWebEnvironment@76f856a8], resourceBasePath = 'src/main/webapp', contextLoader = 'org.springframework.boot.test.context.SpringBootContextLoader', parent = [null]], attributes = map['org.springframework.test.context.web.ServletTestExecutionListener.activateListener' -> true, 'org.springframework.test.context.web.ServletTestExecutionListener.populatedRequestContextHolder' -> true, 'org.springframework.test.context.web.ServletTestExecutionListener.resetRequestContextHolder' -> true, 'org.springframework.test.context.event.ApplicationEventsTestExecutionListener.recordApplicationEvents' -> false]]
2023-05-08 02:15:50.000  INFO 28568 --- [    Test worker] o.s.t.c.transaction.TransactionContext   : Began transaction (1) for test context [DefaultTestContext@11d179b8 testClass = CompareCartServiceTest, testInstance = com.jung.service.CompareCartServiceTest@45944dfe, testMethod = addProductToCartWithDup@CompareCartServiceTest, testException = [null], mergedContextConfiguration = [WebMergedContextConfiguration@2b0521fd testClass = CompareCartServiceTest, locations = '{}', classes = '{class com.jung.CompareCartApplication}', contextInitializerClasses = '[]', activeProfiles = '{}', propertySourceLocations = '{}', propertySourceProperties = '{org.springframework.boot.test.context.SpringBootTestContextBootstrapper=true}', contextCustomizers = set[org.springframework.boot.test.autoconfigure.actuate.metrics.MetricsExportContextCustomizerFactory$DisableMetricExportContextCustomizer@2774dcf4, org.springframework.boot.test.autoconfigure.properties.PropertyMappingContextCustomizer@0, org.springframework.boot.test.autoconfigure.web.servlet.WebDriverContextCustomizerFactory$Customizer@11e834ad, org.springframework.boot.test.context.filter.ExcludeFilterContextCustomizer@3303e89e, org.springframework.boot.test.json.DuplicateJsonObjectContextCustomizerFactory$DuplicateJsonObjectContextCustomizer@721fc2e3, org.springframework.boot.test.mock.mockito.MockitoContextCustomizer@0, org.springframework.boot.test.web.client.TestRestTemplateContextCustomizer@595fed99, org.springframework.boot.test.context.SpringBootTestArgs@1, org.springframework.boot.test.context.SpringBootTestWebEnvironment@76f856a8], resourceBasePath = 'src/main/webapp', contextLoader = 'org.springframework.boot.test.context.SpringBootContextLoader', parent = [null]], attributes = map['org.springframework.test.context.web.ServletTestExecutionListener.activateListener' -> true, 'org.springframework.test.context.web.ServletTestExecutionListener.populatedRequestContextHolder' -> true, 'org.springframework.test.context.web.ServletTestExecutionListener.resetRequestContextHolder' -> true, 'org.springframework.test.context.event.ApplicationEventsTestExecutionListener.recordApplicationEvents' -> false]]; transaction manager [org.springframework.orm.jpa.JpaTransactionManager@6585ae50]; rollback [true]
Hibernate: 
    select
        comparecar0_.cart_id as cart_id1_2_,
        comparecar0_.created_at as created_2_2_,
        comparecar0_.updated_at as updated_3_2_,
        comparecar0_.owner_id as owner_id4_2_,
        comparecar0_.total_cnt as total_cn5_2_ 
    from
        compare_cart comparecar0_ 
    where
        comparecar0_.owner_id=?
Hibernate: 
    select
        comparecar0_.cart_id as cart_id1_2_,
        comparecar0_.created_at as created_2_2_,
        comparecar0_.updated_at as updated_3_2_,
        comparecar0_.owner_id as owner_id4_2_,
        comparecar0_.total_cnt as total_cn5_2_ 
    from
        compare_cart comparecar0_ 
    where
        comparecar0_.owner_id=?
Hibernate: 
    select
        cartproduc0_.cart_id as cart_id3_1_0_,
        cartproduc0_.id as id1_1_0_,
        cartproduc0_.id as id1_1_1_,
        cartproduc0_.cart_id as cart_id3_1_1_,
        cartproduc0_.product_id as product_2_1_1_ 
    from
        cart_product cartproduc0_ 
    where
        cartproduc0_.cart_id=?
Hibernate: 
    update
        compare_cart 
    set
        created_at=?,
        updated_at=?,
        owner_id=?,
        total_cnt=? 
    where
        cart_id=?
Hibernate: 
    select
        comparecar0_.cart_id as cart_id1_2_,
        comparecar0_.created_at as created_2_2_,
        comparecar0_.updated_at as updated_3_2_,
        comparecar0_.owner_id as owner_id4_2_,
        comparecar0_.total_cnt as total_cn5_2_ 
    from
        compare_cart comparecar0_ 
    where
        comparecar0_.owner_id=?
2023-05-08 02:15:50.009  INFO 28568 --- [    Test worker] o.s.t.c.transaction.TransactionContext   : Rolled back transaction for test: [DefaultTestContext@11d179b8 testClass = CompareCartServiceTest, testInstance = com.jung.service.CompareCartServiceTest@45944dfe, testMethod = addProductToCartWithDup@CompareCartServiceTest, testException = [null], mergedContextConfiguration = [WebMergedContextConfiguration@2b0521fd testClass = CompareCartServiceTest, locations = '{}', classes = '{class com.jung.CompareCartApplication}', contextInitializerClasses = '[]', activeProfiles = '{}', propertySourceLocations = '{}', propertySourceProperties = '{org.springframework.boot.test.context.SpringBootTestContextBootstrapper=true}', contextCustomizers = set[org.springframework.boot.test.autoconfigure.actuate.metrics.MetricsExportContextCustomizerFactory$DisableMetricExportContextCustomizer@2774dcf4, org.springframework.boot.test.autoconfigure.properties.PropertyMappingContextCustomizer@0, org.springframework.boot.test.autoconfigure.web.servlet.WebDriverContextCustomizerFactory$Customizer@11e834ad, org.springframework.boot.test.context.filter.ExcludeFilterContextCustomizer@3303e89e, org.springframework.boot.test.json.DuplicateJsonObjectContextCustomizerFactory$DuplicateJsonObjectContextCustomizer@721fc2e3, org.springframework.boot.test.mock.mockito.MockitoContextCustomizer@0, org.springframework.boot.test.web.client.TestRestTemplateContextCustomizer@595fed99, org.springframework.boot.test.context.SpringBootTestArgs@1, org.springframework.boot.test.context.SpringBootTestWebEnvironment@76f856a8], resourceBasePath = 'src/main/webapp', contextLoader = 'org.springframework.boot.test.context.SpringBootContextLoader', parent = [null]], attributes = map['org.springframework.test.context.web.ServletTestExecutionListener.activateListener' -> true, 'org.springframework.test.context.web.ServletTestExecutionListener.populatedRequestContextHolder' -> true, 'org.springframework.test.context.web.ServletTestExecutionListener.resetRequestContextHolder' -> true, 'org.springframework.test.context.event.ApplicationEventsTestExecutionListener.recordApplicationEvents' -> false]]
2023-05-08 02:15:50.011  INFO 28568 --- [    Test worker] o.s.t.c.transaction.TransactionContext   : Began transaction (1) for test context [DefaultTestContext@11d179b8 testClass = CompareCartServiceTest, testInstance = com.jung.service.CompareCartServiceTest@45944dfe, testMethod = removeProductFromCart@CompareCartServiceTest, testException = [null], mergedContextConfiguration = [WebMergedContextConfiguration@2b0521fd testClass = CompareCartServiceTest, locations = '{}', classes = '{class com.jung.CompareCartApplication}', contextInitializerClasses = '[]', activeProfiles = '{}', propertySourceLocations = '{}', propertySourceProperties = '{org.springframework.boot.test.context.SpringBootTestContextBootstrapper=true}', contextCustomizers = set[org.springframework.boot.test.autoconfigure.actuate.metrics.MetricsExportContextCustomizerFactory$DisableMetricExportContextCustomizer@2774dcf4, org.springframework.boot.test.autoconfigure.properties.PropertyMappingContextCustomizer@0, org.springframework.boot.test.autoconfigure.web.servlet.WebDriverContextCustomizerFactory$Customizer@11e834ad, org.springframework.boot.test.context.filter.ExcludeFilterContextCustomizer@3303e89e, org.springframework.boot.test.json.DuplicateJsonObjectContextCustomizerFactory$DuplicateJsonObjectContextCustomizer@721fc2e3, org.springframework.boot.test.mock.mockito.MockitoContextCustomizer@0, org.springframework.boot.test.web.client.TestRestTemplateContextCustomizer@595fed99, org.springframework.boot.test.context.SpringBootTestArgs@1, org.springframework.boot.test.context.SpringBootTestWebEnvironment@76f856a8], resourceBasePath = 'src/main/webapp', contextLoader = 'org.springframework.boot.test.context.SpringBootContextLoader', parent = [null]], attributes = map['org.springframework.test.context.web.ServletTestExecutionListener.activateListener' -> true, 'org.springframework.test.context.web.ServletTestExecutionListener.populatedRequestContextHolder' -> true, 'org.springframework.test.context.web.ServletTestExecutionListener.resetRequestContextHolder' -> true, 'org.springframework.test.context.event.ApplicationEventsTestExecutionListener.recordApplicationEvents' -> false]]; transaction manager [org.springframework.orm.jpa.JpaTransactionManager@6585ae50]; rollback [true]
Hibernate: 
    select
        comparecar0_.cart_id as cart_id1_2_,
        comparecar0_.created_at as created_2_2_,
        comparecar0_.updated_at as updated_3_2_,
        comparecar0_.owner_id as owner_id4_2_,
        comparecar0_.total_cnt as total_cn5_2_ 
    from
        compare_cart comparecar0_ 
    where
        comparecar0_.owner_id=?
Hibernate: 
    select
        cartproduc0_.cart_id as cart_id3_1_0_,
        cartproduc0_.id as id1_1_0_,
        cartproduc0_.id as id1_1_1_,
        cartproduc0_.cart_id as cart_id3_1_1_,
        cartproduc0_.product_id as product_2_1_1_ 
    from
        cart_product cartproduc0_ 
    where
        cartproduc0_.cart_id=?
Hibernate: 
    update
        compare_cart 
    set
        created_at=?,
        updated_at=?,
        owner_id=?,
        total_cnt=? 
    where
        cart_id=?
Hibernate: 
    select
        comparecar0_.cart_id as cart_id1_2_,
        comparecar0_.created_at as created_2_2_,
        comparecar0_.updated_at as updated_3_2_,
        comparecar0_.owner_id as owner_id4_2_,
        comparecar0_.total_cnt as total_cn5_2_ 
    from
        compare_cart comparecar0_ 
    where
        comparecar0_.owner_id=?
Hibernate: 
    select
        comparecar0_.cart_id as cart_id1_2_,
        comparecar0_.created_at as created_2_2_,
        comparecar0_.updated_at as updated_3_2_,
        comparecar0_.owner_id as owner_id4_2_,
        comparecar0_.total_cnt as total_cn5_2_ 
    from
        compare_cart comparecar0_ 
    where
        comparecar0_.owner_id=?
2023-05-08 02:15:50.020  INFO 28568 --- [    Test worker] o.s.t.c.transaction.TransactionContext   : Rolled back transaction for test: [DefaultTestContext@11d179b8 testClass = CompareCartServiceTest, testInstance = com.jung.service.CompareCartServiceTest@45944dfe, testMethod = removeProductFromCart@CompareCartServiceTest, testException = [null], mergedContextConfiguration = [WebMergedContextConfiguration@2b0521fd testClass = CompareCartServiceTest, locations = '{}', classes = '{class com.jung.CompareCartApplication}', contextInitializerClasses = '[]', activeProfiles = '{}', propertySourceLocations = '{}', propertySourceProperties = '{org.springframework.boot.test.context.SpringBootTestContextBootstrapper=true}', contextCustomizers = set[org.springframework.boot.test.autoconfigure.actuate.metrics.MetricsExportContextCustomizerFactory$DisableMetricExportContextCustomizer@2774dcf4, org.springframework.boot.test.autoconfigure.properties.PropertyMappingContextCustomizer@0, org.springframework.boot.test.autoconfigure.web.servlet.WebDriverContextCustomizerFactory$Customizer@11e834ad, org.springframework.boot.test.context.filter.ExcludeFilterContextCustomizer@3303e89e, org.springframework.boot.test.json.DuplicateJsonObjectContextCustomizerFactory$DuplicateJsonObjectContextCustomizer@721fc2e3, org.springframework.boot.test.mock.mockito.MockitoContextCustomizer@0, org.springframework.boot.test.web.client.TestRestTemplateContextCustomizer@595fed99, org.springframework.boot.test.context.SpringBootTestArgs@1, org.springframework.boot.test.context.SpringBootTestWebEnvironment@76f856a8], resourceBasePath = 'src/main/webapp', contextLoader = 'org.springframework.boot.test.context.SpringBootContextLoader', parent = [null]], attributes = map['org.springframework.test.context.web.ServletTestExecutionListener.activateListener' -> true, 'org.springframework.test.context.web.ServletTestExecutionListener.populatedRequestContextHolder' -> true, 'org.springframework.test.context.web.ServletTestExecutionListener.resetRequestContextHolder' -> true, 'org.springframework.test.context.event.ApplicationEventsTestExecutionListener.recordApplicationEvents' -> false]]
]]></system-out>
  <system-err><![CDATA[]]></system-err>
</testsuite>
