<?xml version="1.0" encoding="UTF-8"?>
<testsuite name="com.jung.controller.ProductControllerTest" tests="1" skipped="0" failures="0" errors="0" timestamp="2023-05-08T09:10:10" hostname="0275.local" time="6.25">
  <properties/>
  <testcase name="상품조회 컨트롤러 테스트" classname="com.jung.controller.ProductControllerTest" time="6.25"/>
  <system-out><![CDATA[18:10:05.262 [Test worker] DEBUG org.springframework.test.context.BootstrapUtils - Instantiating CacheAwareContextLoaderDelegate from class [org.springframework.test.context.cache.DefaultCacheAwareContextLoaderDelegate]
18:10:05.277 [Test worker] DEBUG org.springframework.test.context.BootstrapUtils - Instantiating BootstrapContext using constructor [public org.springframework.test.context.support.DefaultBootstrapContext(java.lang.Class,org.springframework.test.context.CacheAwareContextLoaderDelegate)]
18:10:05.306 [Test worker] DEBUG org.springframework.test.context.BootstrapUtils - Instantiating TestContextBootstrapper for test class [com.jung.controller.ProductControllerTest] from class [org.springframework.boot.test.context.SpringBootTestContextBootstrapper]
18:10:05.319 [Test worker] INFO org.springframework.boot.test.context.SpringBootTestContextBootstrapper - Neither @ContextConfiguration nor @ContextHierarchy found for test class [com.jung.controller.ProductControllerTest], using SpringBootContextLoader
18:10:05.325 [Test worker] DEBUG org.springframework.test.context.support.AbstractContextLoader - Did not detect default resource location for test class [com.jung.controller.ProductControllerTest]: class path resource [com/jung/controller/ProductControllerTest-context.xml] does not exist
18:10:05.326 [Test worker] DEBUG org.springframework.test.context.support.AbstractContextLoader - Did not detect default resource location for test class [com.jung.controller.ProductControllerTest]: class path resource [com/jung/controller/ProductControllerTestContext.groovy] does not exist
18:10:05.326 [Test worker] INFO org.springframework.test.context.support.AbstractContextLoader - Could not detect default resource locations for test class [com.jung.controller.ProductControllerTest]: no resource found for suffixes {-context.xml, Context.groovy}.
18:10:05.326 [Test worker] INFO org.springframework.test.context.support.AnnotationConfigContextLoaderUtils - Could not detect default configuration classes for test class [com.jung.controller.ProductControllerTest]: ProductControllerTest does not declare any static, non-private, non-final, nested classes annotated with @Configuration.
18:10:05.391 [Test worker] DEBUG org.springframework.test.context.support.ActiveProfilesUtils - Could not find an 'annotation declaring class' for annotation type [org.springframework.test.context.ActiveProfiles] and class [com.jung.controller.ProductControllerTest]
18:10:05.465 [Test worker] DEBUG org.springframework.context.annotation.ClassPathScanningCandidateComponentProvider - Identified candidate component class: file [/Users/zeropaybiz/workspace/low_price_web_service/module-product/build/classes/java/main/com/jung/ProductApplication.class]
18:10:05.465 [Test worker] INFO org.springframework.boot.test.context.SpringBootTestContextBootstrapper - Found @SpringBootConfiguration com.jung.ProductApplication for test class com.jung.controller.ProductControllerTest
18:10:05.562 [Test worker] DEBUG org.springframework.boot.test.context.SpringBootTestContextBootstrapper - @TestExecutionListeners is not present for class [com.jung.controller.ProductControllerTest]: using defaults.
18:10:05.562 [Test worker] INFO org.springframework.boot.test.context.SpringBootTestContextBootstrapper - Loaded default TestExecutionListener class names from location [META-INF/spring.factories]: [org.springframework.boot.test.autoconfigure.restdocs.RestDocsTestExecutionListener, org.springframework.boot.test.autoconfigure.web.client.MockRestServiceServerResetTestExecutionListener, org.springframework.boot.test.autoconfigure.web.servlet.MockMvcPrintOnlyOnFailureTestExecutionListener, org.springframework.boot.test.autoconfigure.web.servlet.WebDriverTestExecutionListener, org.springframework.boot.test.autoconfigure.webservices.client.MockWebServiceServerTestExecutionListener, org.springframework.boot.test.mock.mockito.MockitoTestExecutionListener, org.springframework.boot.test.mock.mockito.ResetMocksTestExecutionListener, org.springframework.test.context.web.ServletTestExecutionListener, org.springframework.test.context.support.DirtiesContextBeforeModesTestExecutionListener, org.springframework.test.context.event.ApplicationEventsTestExecutionListener, org.springframework.test.context.support.DependencyInjectionTestExecutionListener, org.springframework.test.context.support.DirtiesContextTestExecutionListener, org.springframework.test.context.transaction.TransactionalTestExecutionListener, org.springframework.test.context.jdbc.SqlScriptsTestExecutionListener, org.springframework.test.context.event.EventPublishingTestExecutionListener]
18:10:05.582 [Test worker] INFO org.springframework.boot.test.context.SpringBootTestContextBootstrapper - Using TestExecutionListeners: [org.springframework.test.context.web.ServletTestExecutionListener@1e4c6583, org.springframework.test.context.support.DirtiesContextBeforeModesTestExecutionListener@2ee48610, org.springframework.test.context.event.ApplicationEventsTestExecutionListener@1d901f20, org.springframework.boot.test.mock.mockito.MockitoTestExecutionListener@6d08b4e6, org.springframework.boot.test.autoconfigure.SpringBootDependencyInjectionTestExecutionListener@1015a4b9, org.springframework.test.context.support.DirtiesContextTestExecutionListener@1acb74ad, org.springframework.test.context.transaction.TransactionalTestExecutionListener@7bf01cb, org.springframework.test.context.jdbc.SqlScriptsTestExecutionListener@2f382a5e, org.springframework.test.context.event.EventPublishingTestExecutionListener@12b5736c, org.springframework.boot.test.autoconfigure.restdocs.RestDocsTestExecutionListener@539a138b, org.springframework.boot.test.autoconfigure.web.client.MockRestServiceServerResetTestExecutionListener@2cd4e16a, org.springframework.boot.test.autoconfigure.web.servlet.MockMvcPrintOnlyOnFailureTestExecutionListener@42505474, org.springframework.boot.test.autoconfigure.web.servlet.WebDriverTestExecutionListener@7b477141, org.springframework.boot.test.autoconfigure.webservices.client.MockWebServiceServerTestExecutionListener@784223e9, org.springframework.boot.test.mock.mockito.ResetMocksTestExecutionListener@7316523a]

  .   ____          _            __ _ _
 /\\ / ___'_ __ _ _(_)_ __  __ _ \ \ \ \
( ( )\___ | '_ | '_| | '_ \/ _` | \ \ \ \
 \\/  ___)| |_)| | | | | || (_| |  ) ) ) )
  '  |____| .__|_| |_|_| |_\__, | / / / /
 =========|_|==============|___/=/_/_/_/
 :: Spring Boot ::                (v2.7.0)

2023-05-08 18:10:05.897  WARN 80353 --- [    Test worker] ory$DuplicateJsonObjectContextCustomizer : 

Found multiple occurrences of org.json.JSONObject on the class path:

	jar:file:/Users/zeropaybiz/.gradle/caches/modules-2/files-2.1/org.json/json/20220320/6df2c050972619466f6dcef7654ef9bcc01dfd0/json-20220320.jar!/org/json/JSONObject.class
	jar:file:/Users/zeropaybiz/.gradle/caches/modules-2/files-2.1/com.vaadin.external.google/android-json/0.0.20131108.vaadin1/fa26d351fe62a6a17f5cda1287c1c6110dec413f/android-json-0.0.20131108.vaadin1.jar!/org/json/JSONObject.class

You may wish to exclude one of them to ensure predictable runtime behavior

2023-05-08 18:10:05.909  INFO 80353 --- [    Test worker] c.jung.controller.ProductControllerTest  : Starting ProductControllerTest using Java 19.0.1 on 0275.local with PID 80353 (started by zeropaybiz in /Users/zeropaybiz/workspace/low_price_web_service/module-product)
2023-05-08 18:10:05.909  INFO 80353 --- [    Test worker] c.jung.controller.ProductControllerTest  : No active profile set, falling back to 1 default profile: "default"
2023-05-08 18:10:06.419  INFO 80353 --- [    Test worker] .s.d.r.c.RepositoryConfigurationDelegate : Multiple Spring Data modules found, entering strict repository configuration mode!
2023-05-08 18:10:06.420  INFO 80353 --- [    Test worker] .s.d.r.c.RepositoryConfigurationDelegate : Bootstrapping Spring Data Redis repositories in DEFAULT mode.
2023-05-08 18:10:06.447  INFO 80353 --- [    Test worker] .s.d.r.c.RepositoryConfigurationDelegate : Finished Spring Data repository scanning in 4 ms. Found 0 Redis repository interfaces.
2023-05-08 18:10:06.629  INFO 80353 --- [    Test worker] .s.d.r.c.RepositoryConfigurationDelegate : Multiple Spring Data modules found, entering strict repository configuration mode!
2023-05-08 18:10:06.630  INFO 80353 --- [    Test worker] .s.d.r.c.RepositoryConfigurationDelegate : Bootstrapping Spring Data JPA repositories in DEFAULT mode.
2023-05-08 18:10:06.771  INFO 80353 --- [    Test worker] .RepositoryConfigurationExtensionSupport : Spring Data JPA - Could not safely identify store assignment for repository candidate interface com.jung.domain.product.ProductRepository. If you want this repository to be a JPA repository, consider annotating your entities with one of these annotations: javax.persistence.Entity, javax.persistence.MappedSuperclass (preferred), or consider extending one of the following types with your repository: org.springframework.data.jpa.repository.JpaRepository.
2023-05-08 18:10:06.786  INFO 80353 --- [    Test worker] .s.d.r.c.RepositoryConfigurationDelegate : Finished Spring Data repository scanning in 152 ms. Found 4 JPA repository interfaces.
2023-05-08 18:10:06.795  INFO 80353 --- [    Test worker] .s.d.r.c.RepositoryConfigurationDelegate : Multiple Spring Data modules found, entering strict repository configuration mode!
2023-05-08 18:10:06.795  INFO 80353 --- [    Test worker] .s.d.r.c.RepositoryConfigurationDelegate : Bootstrapping Spring Data Redis repositories in DEFAULT mode.
2023-05-08 18:10:06.801  INFO 80353 --- [    Test worker] .RepositoryConfigurationExtensionSupport : Spring Data Redis - Could not safely identify store assignment for repository candidate interface com.jung.domain.comparecart.CompareCartRepository. If you want this repository to be a Redis repository, consider annotating your entities with one of these annotations: org.springframework.data.redis.core.RedisHash (preferred), or consider extending one of the following types with your repository: org.springframework.data.keyvalue.repository.KeyValueRepository.
2023-05-08 18:10:06.802  INFO 80353 --- [    Test worker] .RepositoryConfigurationExtensionSupport : Spring Data Redis - Could not safely identify store assignment for repository candidate interface com.jung.domain.filterkeyword.FilterKeywordRepository. If you want this repository to be a Redis repository, consider annotating your entities with one of these annotations: org.springframework.data.redis.core.RedisHash (preferred), or consider extending one of the following types with your repository: org.springframework.data.keyvalue.repository.KeyValueRepository.
2023-05-08 18:10:06.803  INFO 80353 --- [    Test worker] .RepositoryConfigurationExtensionSupport : Spring Data Redis - Could not safely identify store assignment for repository candidate interface com.jung.domain.user.UserRepository. If you want this repository to be a Redis repository, consider annotating your entities with one of these annotations: org.springframework.data.redis.core.RedisHash (preferred), or consider extending one of the following types with your repository: org.springframework.data.keyvalue.repository.KeyValueRepository.
2023-05-08 18:10:06.805  INFO 80353 --- [    Test worker] .RepositoryConfigurationExtensionSupport : Spring Data Redis - Could not safely identify store assignment for repository candidate interface com.jung.domain.apiusage.ApiUsageRepository. If you want this repository to be a Redis repository, consider annotating your entities with one of these annotations: org.springframework.data.redis.core.RedisHash (preferred), or consider extending one of the following types with your repository: org.springframework.data.keyvalue.repository.KeyValueRepository.
2023-05-08 18:10:06.808  INFO 80353 --- [    Test worker] .s.d.r.c.RepositoryConfigurationDelegate : Finished Spring Data repository scanning in 12 ms. Found 1 Redis repository interfaces.
2023-05-08 18:10:07.343  INFO 80353 --- [    Test worker] o.hibernate.jpa.internal.util.LogHelper  : HHH000204: Processing PersistenceUnitInfo [name: default]
2023-05-08 18:10:07.403  INFO 80353 --- [    Test worker] org.hibernate.Version                    : HHH000412: Hibernate ORM core version 5.6.9.Final
2023-05-08 18:10:07.578  INFO 80353 --- [    Test worker] o.hibernate.annotations.common.Version   : HCANN000001: Hibernate Commons Annotations {5.1.2.Final}
2023-05-08 18:10:07.675  INFO 80353 --- [    Test worker] com.zaxxer.hikari.HikariDataSource       : HikariPool-1 - Starting...
2023-05-08 18:10:07.961  INFO 80353 --- [    Test worker] com.zaxxer.hikari.HikariDataSource       : HikariPool-1 - Start completed.
2023-05-08 18:10:08.009  INFO 80353 --- [    Test worker] org.hibernate.dialect.Dialect            : HHH000400: Using dialect: org.hibernate.dialect.H2Dialect
Hibernate: 
    
    drop table if exists api_usage CASCADE 
Hibernate: 
    
    drop table if exists cart_product CASCADE 
Hibernate: 
    
    drop table if exists compare_cart CASCADE 
Hibernate: 
    
    drop table if exists exclude_keyword CASCADE 
Hibernate: 
    
    drop table if exists filter_keyword CASCADE 
Hibernate: 
    
    drop table if exists myuser CASCADE 
Hibernate: 
    
    drop sequence if exists hibernate_sequence
Hibernate: create sequence hibernate_sequence start with 1 increment by 1
Hibernate: 
    
    create table api_usage (
       id bigint not null,
        created_at timestamp,
        updated_at timestamp,
        api_type varchar(255) not null,
        current_usage bigint not null,
        max_usage bigint not null,
        primary key (id)
    )
Hibernate: 
    
    create table cart_product (
       id bigint not null,
        product_id bigint not null,
        cart_id bigint,
        primary key (id)
    )
Hibernate: 
    
    create table compare_cart (
       cart_id bigint not null,
        created_at timestamp,
        updated_at timestamp,
        owner_id varchar(255) not null,
        total_cnt bigint default 0 not null,
        primary key (cart_id)
    )
Hibernate: 
    
    create table exclude_keyword (
       id bigint not null,
        created_at timestamp,
        updated_at timestamp,
        keyword varchar(255) not null,
        filter_keyword_id bigint,
        keyword_list_key varchar(255),
        primary key (id)
    )
Hibernate: 
    
    create table filter_keyword (
       filter_keyword_id bigint not null,
        created_at timestamp,
        updated_at timestamp,
        owner_id varchar(255) not null,
        search_keyword varchar(255) not null,
        total_cnt bigint default 0 not null,
        primary key (filter_keyword_id)
    )
Hibernate: 
    
    create table myuser (
       user_id varchar(255) not null,
        created_at timestamp,
        updated_at timestamp,
        state varchar(255),
        user_name varchar(255) not null,
        user_pw varchar(255) not null,
        user_type varchar(255),
        primary key (user_id)
    )
Hibernate: 
    
    alter table cart_product 
       add constraint FKl5v8kpnp2t3jvldiyss8u264e 
       foreign key (cart_id) 
       references compare_cart
Hibernate: 
    
    alter table exclude_keyword 
       add constraint FK4n8vwxbm7iopw0m7g31dgfaw6 
       foreign key (filter_keyword_id) 
       references filter_keyword
2023-05-08 18:10:08.887  INFO 80353 --- [    Test worker] o.h.e.t.j.p.i.JtaPlatformInitiator       : HHH000490: Using JtaPlatform implementation: [org.hibernate.engine.transaction.jta.platform.internal.NoJtaPlatform]
2023-05-08 18:10:08.895  INFO 80353 --- [    Test worker] j.LocalContainerEntityManagerFactoryBean : Initialized JPA EntityManagerFactory for persistence unit 'default'
2023-05-08 18:10:09.522  WARN 80353 --- [    Test worker] JpaBaseConfiguration$JpaWebConfiguration : spring.jpa.open-in-view is enabled by default. Therefore, database queries may be performed during view rendering. Explicitly configure spring.jpa.open-in-view to disable this warning
2023-05-08 18:10:09.732  INFO 80353 --- [    Test worker] o.s.b.a.h2.H2ConsoleAutoConfiguration    : H2 console available at '/h2-console'. Database available at 'jdbc:h2:mem:57fc0930-92e2-4a8c-b60f-a0c36f3a4267'
2023-05-08 18:10:10.285  INFO 80353 --- [    Test worker] o.s.b.t.m.w.SpringBootMockServletContext : Initializing Spring TestDispatcherServlet ''
2023-05-08 18:10:10.286  INFO 80353 --- [    Test worker] o.s.t.web.servlet.TestDispatcherServlet  : Initializing Servlet ''
2023-05-08 18:10:10.286  INFO 80353 --- [    Test worker] o.s.t.web.servlet.TestDispatcherServlet  : Completed initialization in 0 ms
2023-05-08 18:10:10.301  INFO 80353 --- [    Test worker] c.jung.controller.ProductControllerTest  : Started ProductControllerTest in 4.688 seconds (JVM running for 10.982)

MockHttpServletRequest:
      HTTP Method = GET
      Request URI = /product
       Parameters = {query=[삼겹살], display=[100], start=[1], sort=[sim]}
          Headers = []
             Body = null
    Session Attrs = {}

Handler:
             Type = com.jung.controller.ProductController
           Method = com.jung.controller.ProductController#searchProducts(SearchInfo)

Async:
    Async started = false
     Async result = null

Resolved Exception:
             Type = null

ModelAndView:
        View name = null
             View = null
            Model = null

FlashMap:
       Attributes = null

MockHttpServletResponse:
           Status = 200
    Error message = null
          Headers = [Content-Type:"application/json"]
     Content type = application/json
             Body = [{"productId":82810684113,"productName":"냉동<b>삼겹살</b> 구이용 보쌈용 대패<b>삼겹살</b> 1+1행사 1kg","productLink":"https://search.shopping.naver.com/gate.nhn?id=82810684113","productImg":"https://shopping-phinf.pstatic.net/main_8281068/82810684113.jpg","maker":"","brand":"","lprice":11900},{"productId":83600770944,"productName":"<b>삼겹살</b>2kg 항정살 등갈비 이베리코 오겹살 듀록 통삼겹 냉동 통오겹살","productLink":"https://search.shopping.naver.com/gate.nhn?id=83600770944","productImg":"https://shopping-phinf.pstatic.net/main_8360077/83600770944.2.jpg","maker":"","brand":"","lprice":23500},{"productId":83144548194,"productName":"미트얌 통<b>삼겹살</b> 모듬 2kg 오겹살 통삼겹 대패삼겹 왕목살 목전지 항정살 가브리살 돼지갈비 갈매기살 등갈비 바베큐 캠핑 원육 수육보쌈 스테이크 대용량","productLink":"https://search.shopping.naver.com/gate.nhn?id=83144548194","productImg":"https://shopping-phinf.pstatic.net/main_8314454/83144548194.3.jpg","maker":"","brand":"","lprice":19800},{"productId":83591654217,"productName":"<b>삼겹살</b> 통삼겹 통<b>삼겹살</b> 냉동 구이 보쌈 수육용 캠핑용 1kg","productLink":"https://search.shopping.naver.com/gate.nhn?id=83591654217","productImg":"https://shopping-phinf.pstatic.net/main_8359165/83591654217.1.jpg","maker":"","brand":"","lprice":11800},{"productId":26869665528,"productName":"명육당 솔트에이징 숙성육 돼지고기 <b>삼겹살</b> 200g","productLink":"https://search.shopping.naver.com/gate.nhn?id=26869665528","productImg":"https://shopping-phinf.pstatic.net/main_2686966/26869665528.20220525101530.jpg","maker":"","brand":"","lprice":5600},{"productId":81543976665,"productName":"[엔돌핀<b>삼겹살</b>] 참피디방영 초벌 구운<b>삼겹살</b> 캠핑 엠티 펜션 바베큐세트 안주(원육820g)","productLink":"https://search.shopping.naver.com/gate.nhn?id=81543976665","productImg":"https://shopping-phinf.pstatic.net/main_8154397/81543976665.1.jpg","maker":"","brand":"","lprice":21900},{"productId":83890505368,"productName":"<b>삼겹살</b> 목살 통<b>삼겹살</b> 구이 보쌈 수육 옛날 냉동 수입삼겹 캠핑고기 MT고기","productLink":"https://search.shopping.naver.com/gate.nhn?id=83890505368","productImg":"https://shopping-phinf.pstatic.net/main_8389050/83890505368.8.jpg","maker":"","brand":"","lprice":5900},{"productId":9568442466,"productName":"<b>삼겹살</b> 1kg 복고 대패 벌집 미박 통 목살 항정살 갈매기살 이베리코 듀록 팜플로나 돼지고기","productLink":"https://search.shopping.naver.com/gate.nhn?id=9568442466","productImg":"https://shopping-phinf.pstatic.net/main_9568442/9568442466.15.jpg","maker":"푸드장","brand":"푸드장","lprice":15600},{"productId":82215800003,"productName":"이베리코 베요타 <b>삼겹살</b> 냉동 대패 돈마호크 등갈비 갈매기살 항정살 가브리살 통 꽃 목살 뒷고기","productLink":"https://search.shopping.naver.com/gate.nhn?id=82215800003","productImg":"https://shopping-phinf.pstatic.net/main_8221580/82215800003.3.jpg","maker":"","brand":"엉파","lprice":8400},{"productId":83932315928,"productName":"<b>삼겹살</b> 목살 항정살 갈매기살 돼지고기","productLink":"https://search.shopping.naver.com/gate.nhn?id=83932315928","productImg":"https://shopping-phinf.pstatic.net/main_8393231/83932315928.jpg","maker":"","brand":"미트아울렛","lprice":4100},{"productId":83089703673,"productName":"청년고기 초벌 짚불 볏짚 통<b>삼겹살</b> 목살 항정살 막창 캠핑고기 돼지고기 바베큐","productLink":"https://search.shopping.naver.com/gate.nhn?id=83089703673","productImg":"https://shopping-phinf.pstatic.net/main_8308970/83089703673.jpg","maker":"","brand":"","lprice":11900},{"productId":83450070878,"productName":"[냉동][스페인산] 뼈없는 대패 <b>삼겹살</b> (1,000g)","productLink":"https://search.shopping.naver.com/gate.nhn?id=83450070878","productImg":"https://shopping-phinf.pstatic.net/main_8345007/83450070878.jpg","maker":"","brand":"","lprice":13580},{"productId":82723717807,"productName":"<b>삼겹살</b> 통<b>삼겹살</b> 통삼겹 2kg 두께절단가능 냉동 수입 목살 대패<b>삼겹살</b> 목전지 오겹살","productLink":"https://search.shopping.naver.com/gate.nhn?id=82723717807","productImg":"https://shopping-phinf.pstatic.net/main_8272371/82723717807.9.jpg","maker":"","brand":"","lprice":23500},{"productId":32998011618,"productName":"노브랜드 냉동 돈<b>삼겹살</b> 바로구이 1000g","productLink":"https://search.shopping.naver.com/gate.nhn?id=32998011618","productImg":"https://shopping-phinf.pstatic.net/main_3299801/32998011618.20220617113733.jpg","maker":"","brand":"노브랜드","lprice":12970},{"productId":82370096781,"productName":"듀록<b>삼겹살</b> 오겹살 옛날 냉동<b>삼겹살</b> 500g","productLink":"https://search.shopping.naver.com/gate.nhn?id=82370096781","productImg":"https://shopping-phinf.pstatic.net/main_8237009/82370096781.1.jpg","maker":"","brand":"","lprice":7800},{"productId":82523768790,"productName":"꾼고기 듀록 <b>삼겹살</b> 대용량 한판 3.5kg","productLink":"https://search.shopping.naver.com/gate.nhn?id=82523768790","productImg":"https://shopping-phinf.pstatic.net/main_8252376/82523768790.2.jpg","maker":"","brand":"","lprice":38900},{"productId":85097100440,"productName":"대패구이 모둠한판 1kg 대패 <b>삼겹살</b> 냉동<b>삼겹살</b> 가브리살 항정살 돼지고기","productLink":"https://search.shopping.naver.com/gate.nhn?id=85097100440","productImg":"https://shopping-phinf.pstatic.net/main_8509710/85097100440.jpg","maker":"에이징그라운드","brand":"에이징그라운드","lprice":5900},{"productId":82260121505,"productName":"[템포크] 통밀먹인 대패 <b>삼겹살</b> 오겹살 목살외1kg1팩","productLink":"https://search.shopping.naver.com/gate.nhn?id=82260121505","productImg":"https://shopping-phinf.pstatic.net/main_8226012/82260121505.25.jpg","maker":"","brand":"템포크","lprice":9400},{"productId":82990626826,"productName":"[원육 선택형] 5kg 내외 <b>삼겹살</b> 칠레산 냉동 고원돈 아그로수퍼 원물 낱개 상품","productLink":"https://search.shopping.naver.com/gate.nhn?id=82990626826","productImg":"https://shopping-phinf.pstatic.net/main_8299062/82990626826.3.jpg","maker":"","brand":"","lprice":52500},{"productId":83468784584,"productName":"통삼겹 보쌈 수입 오겹살 <b>삼겹살</b> 원육 5kg","productLink":"https://search.shopping.naver.com/gate.nhn?id=83468784584","productImg":"https://shopping-phinf.pstatic.net/main_8346878/83468784584.2.jpg","maker":"","brand":"","lprice":46900},{"productId":82223971659,"productName":"[푸짐상품] 3kg <b>삼겹살</b> 스페인산 구이 보쌈 통삼겹 갈매기 항정 가브리살","productLink":"https://search.shopping.naver.com/gate.nhn?id=82223971659","productImg":"https://shopping-phinf.pstatic.net/main_8222397/82223971659.3.jpg","maker":"","brand":"","lprice":29500},{"productId":82604880630,"productName":"<b>삼겹살</b> 1kg 통오겹살 듀록 구이 냉동 통삼겹 미박","productLink":"https://search.shopping.naver.com/gate.nhn?id=82604880630","productImg":"https://shopping-phinf.pstatic.net/main_8260488/82604880630.16.jpg","maker":"","brand":"","lprice":11800},{"productId":80654140215,"productName":"이베리코 <b>삼겹살</b> 목살 황제살 플루마 구이용 돼지고기","productLink":"https://search.shopping.naver.com/gate.nhn?id=80654140215","productImg":"https://shopping-phinf.pstatic.net/main_8065414/80654140215.6.jpg","maker":"푸드장","brand":"푸드장","lprice":12500},{"productId":83618047039,"productName":"옛날 냉동 대패 <b>삼겹살</b> 목살 통<b>삼겹살</b> 통삼겹 냉삼 수입 등갈비 500g 마블링블링","productLink":"https://search.shopping.naver.com/gate.nhn?id=83618047039","productImg":"https://shopping-phinf.pstatic.net/main_8361804/83618047039.7.jpg","maker":"","brand":"","lprice":6900},{"productId":85828412553,"productName":"1kg+1kg 행사 냉삼 수입 칠레산 대패<b>삼겹살</b> 냉동<b>삼겹살</b>","productLink":"https://search.shopping.naver.com/gate.nhn?id=85828412553","productImg":"https://shopping-phinf.pstatic.net/main_8582841/85828412553.jpg","maker":"","brand":"","lprice":19600},{"productId":84168914219,"productName":"듀록<b>삼겹살</b> 4kg 원육 한판 오겹살 통삼겹 냉동 통오겹살 미박","productLink":"https://search.shopping.naver.com/gate.nhn?id=84168914219","productImg":"https://shopping-phinf.pstatic.net/main_8416891/84168914219.jpg","maker":"","brand":"","lprice":54800},{"productId":85283096271,"productName":"짚불<b>삼겹살</b> 500g+500g 볏짚 초벌구이 목살 캠핑 구운 바베큐","productLink":"https://search.shopping.naver.com/gate.nhn?id=85283096271","productImg":"https://shopping-phinf.pstatic.net/main_8528309/85283096271.jpg","maker":"","brand":"","lprice":19900},{"productId":25132807802,"productName":"오케이농장 신선 냉동 통<b>삼겹살</b> 2kg 비계적은 솔트증정","productLink":"https://search.shopping.naver.com/gate.nhn?id=25132807802","productImg":"https://shopping-phinf.pstatic.net/main_2513280/25132807802.9.jpg","maker":"","brand":"","lprice":15670},{"productId":85682252489,"productName":"코스트코 미국산 <b>삼겹살</b> 5kg 내외 도매용 냉장","productLink":"https://search.shopping.naver.com/gate.nhn?id=85682252489","productImg":"https://shopping-phinf.pstatic.net/main_8568225/85682252489.jpg","maker":"","brand":"","lprice":68900},{"productId":85303978532,"productName":"코스트코 미국산 냉장 돈육 목심 <b>삼겹살</b> 로스 2.5KG 내외","productLink":"https://search.shopping.naver.com/gate.nhn?id=85303978532","productImg":"https://shopping-phinf.pstatic.net/main_8530397/85303978532.jpg","maker":"","brand":"","lprice":39900},{"productId":82984472559,"productName":"이베리코 베요타 꽃목살 <b>삼겹살</b> 황제살 항정살 플루마 갈비살 갈매기살 냉동 스테이크","productLink":"https://search.shopping.naver.com/gate.nhn?id=82984472559","productImg":"https://shopping-phinf.pstatic.net/main_8298447/82984472559.jpg","maker":"","brand":"","lprice":6790},{"productId":82289536129,"productName":"500+500g 행사 냉동<b>삼겹살</b> 대패<b>삼겹살</b> 통<b>삼겹살</b> 냉삼 수입 수육 보쌈","productLink":"https://search.shopping.naver.com/gate.nhn?id=82289536129","productImg":"https://shopping-phinf.pstatic.net/main_8228953/82289536129.8.jpg","maker":"","brand":"","lprice":10900},{"productId":82027031158,"productName":"신선 <b>삼겹살</b> 원육 2kg 오스트리아산","productLink":"https://search.shopping.naver.com/gate.nhn?id=82027031158","productImg":"https://shopping-phinf.pstatic.net/main_8202703/82027031158.3.jpg","maker":"","brand":"미트아울렛","lprice":23900},{"productId":83505415152,"productName":"캐나다 <b>삼겹살</b> 구이용 (100g)","productLink":"https://search.shopping.naver.com/gate.nhn?id=83505415152","productImg":"https://shopping-phinf.pstatic.net/main_8350541/83505415152.jpg","maker":"","brand":"","lprice":10680},{"productId":83315057521,"productName":"고기집념 핀란드 <b>삼겹살</b> 대패,구이,보쌈,숯불 300g,500g,600g","productLink":"https://search.shopping.naver.com/gate.nhn?id=83315057521","productImg":"https://shopping-phinf.pstatic.net/main_8331505/83315057521.2.jpg","maker":"","brand":"","lprice":4800},{"productId":82408759076,"productName":"[푸짐상품] 3kg 내외 오겹살 스페인산 통오겹살 미박<b>삼겹살</b> 수비드 포르게타","productLink":"https://search.shopping.naver.com/gate.nhn?id=82408759076","productImg":"https://shopping-phinf.pstatic.net/main_8240875/82408759076.5.jpg","maker":"","brand":"","lprice":31500},{"productId":82167111012,"productName":"[엔돌핀<b>삼겹살</b>] 참피디방영 숯불 초벌 간편 구운<b>삼겹살</b> 캠핑요리 엠티 펜션 바베큐세트 안주","productLink":"https://search.shopping.naver.com/gate.nhn?id=82167111012","productImg":"https://shopping-phinf.pstatic.net/main_8216711/82167111012.jpg","maker":"","brand":"","lprice":23000},{"productId":84064359997,"productName":"코스트코 미국산 냉장돈육 <b>삼겹살</b> 구이용 2.5KG 원산지 미국","productLink":"https://search.shopping.naver.com/gate.nhn?id=84064359997","productImg":"https://shopping-phinf.pstatic.net/main_8406435/84064359997.jpg","maker":"견우마을","brand":"커클랜드","lprice":46750},{"productId":83245374470,"productName":"청년고기 얼룩도야지 ybd <b>삼겹살</b> 오겹살 목살 냉삼 수육 보쌈 불고기 돼지고기","productLink":"https://search.shopping.naver.com/gate.nhn?id=83245374470","productImg":"https://shopping-phinf.pstatic.net/main_8324537/83245374470.jpg","maker":"","brand":"","lprice":16800},{"productId":82754408569,"productName":"[양산시 배달] 냉동 대패<b>삼겹살</b> 1봉지 [양산남부 농가축산도매센터]","productLink":"https://search.shopping.naver.com/gate.nhn?id=82754408569","productImg":"https://shopping-phinf.pstatic.net/main_8275440/82754408569.jpg","maker":"","brand":"","lprice":10400},{"productId":80991242063,"productName":"이베리코 베요타 목살 갈비살 항정살 300g 듀록 등갈비 <b>삼겹살</b> 가브리살","productLink":"https://search.shopping.naver.com/gate.nhn?id=80991242063","productImg":"https://shopping-phinf.pstatic.net/main_8099124/80991242063.1.jpg","maker":"","brand":"","lprice":11500},{"productId":83671813394,"productName":"(배터짐)미국산 통 돼지 갈비 2-3kg 스페어립 등갈비 바베큐립 <b>삼겹살</b> 항정살 오겹살","productLink":"https://search.shopping.naver.com/gate.nhn?id=83671813394","productImg":"https://shopping-phinf.pstatic.net/main_8367181/83671813394.jpg","maker":"","brand":"배터짐","lprice":19900},{"productId":83307452682,"productName":"통오겹살 오겹살 통<b>삼겹살</b> 수입산 냉동 구이 미박 보쌈 수육용 1kg","productLink":"https://search.shopping.naver.com/gate.nhn?id=83307452682","productImg":"https://shopping-phinf.pstatic.net/main_8330745/83307452682.jpg","maker":"","brand":"","lprice":18900},{"productId":82355785943,"productName":"벌집 <b>삼겹살</b> 칼집 500g 오스트리아산","productLink":"https://search.shopping.naver.com/gate.nhn?id=82355785943","productImg":"https://shopping-phinf.pstatic.net/main_8235578/82355785943.jpg","maker":"","brand":"미트아울렛","lprice":6800},{"productId":82344383325,"productName":"수육용<b>삼겹살</b> 보쌈용 듀록오겹살 수육목살 통<b>삼겹살</b> 1kg","productLink":"https://search.shopping.naver.com/gate.nhn?id=82344383325","productImg":"https://shopping-phinf.pstatic.net/main_8234438/82344383325.1.jpg","maker":"","brand":"","lprice":13800},{"productId":82543089489,"productName":"[냉동] 아그로수퍼 칠레산 돼지고기 <b>삼겹살</b> 1Kg","productLink":"https://search.shopping.naver.com/gate.nhn?id=82543089489","productImg":"https://shopping-phinf.pstatic.net/main_8254308/82543089489.1.jpg","maker":"","brand":"","lprice":13900},{"productId":84208544138,"productName":"제이에스푸드 옛날 냉동 <b>삼겹살</b> 냉삼 혼술용 600g","productLink":"https://search.shopping.naver.com/gate.nhn?id=84208544138","productImg":"https://shopping-phinf.pstatic.net/main_8420854/84208544138.2.jpg","maker":"","brand":"","lprice":11000},{"productId":83315308636,"productName":"[6다이닝]이베리코 돼지고기 황제살+목살+항정살+듀록<b>삼겹살</b> 4종 1kg","productLink":"https://search.shopping.naver.com/gate.nhn?id=83315308636","productImg":"https://shopping-phinf.pstatic.net/main_8331530/83315308636.jpg","maker":"","brand":"","lprice":32800},{"productId":82463308126,"productName":"<b>삼겹살</b> 대패 냉동 에어프라이어 통삼겹 냉삼 벌집 목살 갈매기살 항정살","productLink":"https://search.shopping.naver.com/gate.nhn?id=82463308126","productImg":"https://shopping-phinf.pstatic.net/main_8246330/82463308126.4.jpg","maker":"","brand":"미트포테이블","lprice":4300},{"productId":82990507410,"productName":"[원육 선택형] 4.5kg 내외 <b>삼겹살</b> 통삼겹 스페인산 스페인<b>삼겹살</b>","productLink":"https://search.shopping.naver.com/gate.nhn?id=82990507410","productImg":"https://shopping-phinf.pstatic.net/main_8299050/82990507410.2.jpg","maker":"","brand":"","lprice":40500},{"productId":38045718725,"productName":"[Kim’s Butcher] 돌돌말이 대패 <b>삼겹살</b> 1kg(냉동)","productLink":"https://search.shopping.naver.com/gate.nhn?id=38045718725","productImg":"https://shopping-phinf.pstatic.net/main_3804571/38045718725.2.jpg","maker":"","brand":"","lprice":10800},{"productId":82118263464,"productName":"[도토리이베리코]스페인 흑돼지 듀록50% <b>삼겹살</b> 1kg","productLink":"https://search.shopping.naver.com/gate.nhn?id=82118263464","productImg":"https://shopping-phinf.pstatic.net/main_8211826/82118263464.jpg","maker":"","brand":"","lprice":16000},{"productId":82888103230,"productName":"강대박 초벌 통 <b>삼겹살</b> 훈제 바베큐 수입산 돼지고기 1kg","productLink":"https://search.shopping.naver.com/gate.nhn?id=82888103230","productImg":"https://shopping-phinf.pstatic.net/main_8288810/82888103230.3.jpg","maker":"강대박","brand":"강대박","lprice":31800},{"productId":83561032868,"productName":"[KG당 단가상품]코스트코 네덜란드 냉동 도매 <b>삼겹살</b> 수육용 로스용 [아이스박스포장]","productLink":"https://search.shopping.naver.com/gate.nhn?id=83561032868","productImg":"https://shopping-phinf.pstatic.net/main_8356103/83561032868.jpg","maker":"코스트코","brand":"커클랜드","lprice":60890},{"productId":21805631774,"productName":"고기천국 <b>삼겹살</b> 구이용 400g","productLink":"https://search.shopping.naver.com/gate.nhn?id=21805631774","productImg":"https://shopping-phinf.pstatic.net/main_2180563/21805631774.20200122105755.jpg","maker":"","brand":"","lprice":5770},{"productId":86034018691,"productName":"솔티봉고 솔트에이징 아이스크림~목살 <b>삼겹살</b> 항정살 가브리살 갈매기살 대패<b>삼겹살</b>","productLink":"https://search.shopping.naver.com/gate.nhn?id=86034018691","productImg":"https://shopping-phinf.pstatic.net/main_8603401/86034018691.jpg","maker":"","brand":"","lprice":5300},{"productId":82221507901,"productName":"꾼고기 듀록 <b>삼겹살</b> 대용량 원육 2kg","productLink":"https://search.shopping.naver.com/gate.nhn?id=82221507901","productImg":"https://shopping-phinf.pstatic.net/main_8222150/82221507901.5.jpg","maker":"","brand":"","lprice":22500},{"productId":82215955357,"productName":"[템포크] 통밀먹인 오겹살 구이용1kg1팩 (미박<b>삼겹살</b>)","productLink":"https://search.shopping.naver.com/gate.nhn?id=82215955357","productImg":"https://shopping-phinf.pstatic.net/main_8221595/82215955357.22.jpg","maker":"태광프라임","brand":"템포크","lprice":10600},{"productId":84635643550,"productName":"엑셀컷 냉동<b>삼겹살</b> 1.6kg(800g+800g) 냉<b>삼겹살</b> 냉삼 옛날<b>삼겹살</b>","productLink":"https://search.shopping.naver.com/gate.nhn?id=84635643550","productImg":"https://shopping-phinf.pstatic.net/main_8463564/84635643550.jpg","maker":"아이피씨","brand":"","lprice":24900},{"productId":6229946727,"productName":"[모듬한판] <b>삼겹살</b> 항정살 갈매기살 가브리살 1.1kg 캠핑음식","productLink":"https://search.shopping.naver.com/gate.nhn?id=6229946727","productImg":"https://shopping-phinf.pstatic.net/main_6229946/6229946727.4.jpg","maker":"대명축산","brand":"","lprice":24900},{"productId":12516530074,"productName":"[스페인] <b>삼겹살</b>(구이용, 보쌈용,대패<b>삼겹살</b>) 1kg","productLink":"https://search.shopping.naver.com/gate.nhn?id=12516530074","productImg":"https://shopping-phinf.pstatic.net/main_1251653/12516530074.jpg","maker":"","brand":"","lprice":12000},{"productId":83667723778,"productName":"꾼고기 듀록 <b>삼겹살</b> 구이용 2cm 1kg+1kg","productLink":"https://search.shopping.naver.com/gate.nhn?id=83667723778","productImg":"https://shopping-phinf.pstatic.net/main_8366772/83667723778.jpg","maker":"","brand":"","lprice":22900},{"productId":82226356346,"productName":"청정지역 핀란드 <b>삼겹살</b> 300g","productLink":"https://search.shopping.naver.com/gate.nhn?id=82226356346","productImg":"https://shopping-phinf.pstatic.net/main_8222635/82226356346.3.jpg","maker":"티제이TJ","brand":"엉파","lprice":4900},{"productId":33159350709,"productName":"대명축산식품 칠레산 <b>삼겹살</b> 500g","productLink":"https://search.shopping.naver.com/gate.nhn?id=33159350709","productImg":"https://shopping-phinf.pstatic.net/main_3315935/33159350709.1.jpg","maker":"","brand":"","lprice":5900},{"productId":33466746618,"productName":"바로푸드 대패<b>삼겹살</b> 구이용 1kg","productLink":"https://search.shopping.naver.com/gate.nhn?id=33466746618","productImg":"https://shopping-phinf.pstatic.net/main_3346674/33466746618.20220819152348.jpg","maker":"바로푸드","brand":"바로푸드","lprice":12490},{"productId":82525647278,"productName":"(고기스토어)네덜란드 돼지고기 수입<b>삼겹살</b> 도매 소매 1kg(냉동)","productLink":"https://search.shopping.naver.com/gate.nhn?id=82525647278","productImg":"https://shopping-phinf.pstatic.net/main_8252564/82525647278.8.jpg","maker":"","brand":"","lprice":12500},{"productId":21334750564,"productName":"바라던유통 바라던 <b>삼겹살</b> 보쌈용 500g","productLink":"https://search.shopping.naver.com/gate.nhn?id=21334750564","productImg":"https://shopping-phinf.pstatic.net/main_2133475/21334750564.20191119093358.jpg","maker":"바라던유통","brand":"바라던","lprice":6490},{"productId":20691143107,"productName":"미트아울렛 신선 <b>삼겹살</b>(원육) 2000g","productLink":"https://search.shopping.naver.com/gate.nhn?id=20691143107","productImg":"https://shopping-phinf.pstatic.net/main_2069114/20691143107.20190821170551.jpg","maker":"","brand":"","lprice":20970},{"productId":21328983164,"productName":"바라던유통 바라던 에어프라이기용 스테이크 <b>삼겹살</b> 300g","productLink":"https://search.shopping.naver.com/gate.nhn?id=21328983164","productImg":"https://shopping-phinf.pstatic.net/main_2132898/21328983164.20191118151752.jpg","maker":"바라던유통","brand":"바라던","lprice":4500},{"productId":6229946834,"productName":"<b>삼겹살</b> 목살 500g 항정살 갈매기살 가브리살 200g 냉동 수입 목전지","productLink":"https://search.shopping.naver.com/gate.nhn?id=6229946834","productImg":"https://shopping-phinf.pstatic.net/main_6229946/6229946834.2.jpg","maker":"대명축산","brand":"","lprice":5800},{"productId":83315385955,"productName":"[6다이닝]이베리코 5구 혼합 선물세트 황제살+항정살+갈비살+목살+듀록 <b>삼겹살</b>1.25kg","productLink":"https://search.shopping.naver.com/gate.nhn?id=83315385955","productImg":"https://shopping-phinf.pstatic.net/main_8331538/83315385955.1.jpg","maker":"","brand":"","lprice":49800},{"productId":4110570927,"productName":"프레시누리 프리미엄 <b>삼겹살</b>(구이용) 250g","productLink":"https://search.shopping.naver.com/gate.nhn?id=4110570927","productImg":"https://shopping-phinf.pstatic.net/main_4110570/4110570927.8.jpg","maker":"누리푸드","brand":"프레시누리","lprice":3970},{"productId":82525984675,"productName":"500g 이베리코 흑돼지 베요타 목살 <b>삼겹살</b> 항정살 늑간살 악어살 황제살 (250g 개별포장)","productLink":"https://search.shopping.naver.com/gate.nhn?id=82525984675","productImg":"https://shopping-phinf.pstatic.net/main_8252598/82525984675.2.jpg","maker":"","brand":"","lprice":21570},{"productId":21902017407,"productName":"<b>삼겹살</b> 보쌈용 400g","productLink":"https://search.shopping.naver.com/gate.nhn?id=21902017407","productImg":"https://shopping-phinf.pstatic.net/main_2190201/21902017407.20200205162546.jpg","maker":"","brand":"","lprice":4840},{"productId":33180009618,"productName":"바로푸드 <b>삼겹살</b> 구이용 500g","productLink":"https://search.shopping.naver.com/gate.nhn?id=33180009618","productImg":"https://shopping-phinf.pstatic.net/main_3318000/33180009618.20220802155428.jpg","maker":"바로푸드","brand":"바로푸드","lprice":7840},{"productId":82612724877,"productName":"신선하고 맛좋은 냉동 <b>삼겹살</b> 대패 <b>삼겹살</b> 1kg 단위판매","productLink":"https://search.shopping.naver.com/gate.nhn?id=82612724877","productImg":"https://shopping-phinf.pstatic.net/main_8261272/82612724877.jpg","maker":"","brand":"","lprice":8800},{"productId":10511722128,"productName":"오원곤 짚불 통<b>삼겹살</b> 초벌 <b>삼겹살</b> 캠핑<b>삼겹살</b> 냉동 볏짚 숙성 돼지고기 홈파티 야유회","productLink":"https://search.shopping.naver.com/gate.nhn?id=10511722128","productImg":"https://shopping-phinf.pstatic.net/main_1051172/10511722128.4.jpg","maker":"","brand":"","lprice":8900},{"productId":84155035344,"productName":"미트얌 미국산 신선 냉동 왕목살 프리미엄 대용량 목전지 2kg 원육 제육볶음 찌개 구이 수육용 통<b>삼겹살</b> 대패삼겹 오겹살 등갈비","productLink":"https://search.shopping.naver.com/gate.nhn?id=84155035344","productImg":"https://shopping-phinf.pstatic.net/main_8415503/84155035344.jpg","maker":"","brand":"","lprice":15000},{"productId":81287065597,"productName":"냉동 통<b>삼겹살</b> 한판 4-5kg 내외","productLink":"https://search.shopping.naver.com/gate.nhn?id=81287065597","productImg":"https://shopping-phinf.pstatic.net/main_8128706/81287065597.1.jpg","maker":"","brand":"","lprice":50000},{"productId":81832332900,"productName":"핀란드<b>삼겹살</b> 300g,500g-우삼겹,흑돼지","productLink":"https://search.shopping.naver.com/gate.nhn?id=81832332900","productImg":"https://shopping-phinf.pstatic.net/main_8183233/81832332900.jpg","maker":"","brand":"","lprice":4350},{"productId":82392094637,"productName":"우리축산 수입산 돼지 <b>삼겹살</b> 1kg 보쌈용 수육용 (스페인 칠레)","productLink":"https://search.shopping.naver.com/gate.nhn?id=82392094637","productImg":"https://shopping-phinf.pstatic.net/main_8239209/82392094637.jpg","maker":"","brand":"","lprice":11400},{"productId":82767920539,"productName":"꾼고기 듀록 미추리<b>삼겹살</b> 대용량 원육 한판 2.5kg","productLink":"https://search.shopping.naver.com/gate.nhn?id=82767920539","productImg":"https://shopping-phinf.pstatic.net/main_8276792/82767920539.1.jpg","maker":"","brand":"","lprice":17900},{"productId":84539571222,"productName":"냉동<b>삼겹살</b> 1kg 냉삼 벌집<b>삼겹살</b> 대패<b>삼겹살</b> 냉<b>삼겹살</b>","productLink":"https://search.shopping.naver.com/gate.nhn?id=84539571222","productImg":"https://shopping-phinf.pstatic.net/main_8453957/84539571222.10.jpg","maker":"아이피씨","brand":"","lprice":15900},{"productId":82254071825,"productName":"냉동<b>삼겹살</b> 듀록 흑돼지 통<b>삼겹살</b> 1kg","productLink":"https://search.shopping.naver.com/gate.nhn?id=82254071825","productImg":"https://shopping-phinf.pstatic.net/main_8225407/82254071825.2.jpg","maker":"","brand":"","lprice":14300},{"productId":85889093975,"productName":"곰곰 대패<b>삼겹살</b> (냉동), 500g, 2개","productLink":"https://search.shopping.naver.com/gate.nhn?id=85889093975","productImg":"https://shopping-phinf.pstatic.net/main_8588909/85889093975.jpg","maker":"","brand":"","lprice":20000},{"productId":82141294431,"productName":"돼지고기도매 수입<b>삼겹살</b> 5kg 통<b>삼겹살</b> 냉삼 통삼겹 업소용","productLink":"https://search.shopping.naver.com/gate.nhn?id=82141294431","productImg":"https://shopping-phinf.pstatic.net/main_8214129/82141294431.1.jpg","maker":"","brand":"","lprice":56900},{"productId":29870057270,"productName":"[미트포유] 돌돌말이 대패 <b>삼겹살</b> 1kg","productLink":"https://search.shopping.naver.com/gate.nhn?id=29870057270","productImg":"https://shopping-phinf.pstatic.net/main_2987005/29870057270.jpg","maker":"","brand":"","lprice":11900},{"productId":39052486236,"productName":"뼈<b>삼겹살</b> - 스페인 | 알레한드로(듀록)","productLink":"https://search.shopping.naver.com/gate.nhn?id=39052486236","productImg":"https://shopping-phinf.pstatic.net/main_3905248/39052486236.jpg","maker":"","brand":"","lprice":9950},{"productId":11189589796,"productName":"삼형제고기 대패삼겹 400g 대패<b>삼겹살</b> 냉동<b>삼겹살</b> 냉삼","productLink":"https://search.shopping.naver.com/gate.nhn?id=11189589796","productImg":"https://shopping-phinf.pstatic.net/main_1118958/11189589796.12.jpg","maker":"","brand":"삼형제고기","lprice":7900},{"productId":82401368281,"productName":"벌집<b>삼겹살</b> 2.5cm 두툼한 1kg 통삼겹 1000g","productLink":"https://search.shopping.naver.com/gate.nhn?id=82401368281","productImg":"https://shopping-phinf.pstatic.net/main_8240136/82401368281.1.jpg","maker":"융화식품","brand":"","lprice":26900},{"productId":85981608187,"productName":"무료배송 냉동 <b>삼겹살</b> 냉삼 수입 돼지고기 절단 대패<b>삼겹살</b>","productLink":"https://search.shopping.naver.com/gate.nhn?id=85981608187","productImg":"https://shopping-phinf.pstatic.net/main_8598160/85981608187.1.jpg","maker":"","brand":"대한민국농수산","lprice":16900},{"productId":32726266619,"productName":"다이닝마켓 <b>삼겹살</b> 500g","productLink":"https://search.shopping.naver.com/gate.nhn?id=32726266619","productImg":"https://shopping-phinf.pstatic.net/main_3272626/32726266619.20220603100858.jpg","maker":"","brand":"다이닝마켓","lprice":7900},{"productId":83956154759,"productName":"[kg당 12,500] 2kg <b>삼겹살</b> 칠레 냉동 냉삼 통<b>삼겹살</b> 수입 통삼겹 대용량","productLink":"https://search.shopping.naver.com/gate.nhn?id=83956154759","productImg":"https://shopping-phinf.pstatic.net/main_8395615/83956154759.1.jpg","maker":"","brand":"","lprice":25000},{"productId":84529167129,"productName":"미국산 <b>삼겹살</b> 구이용 (100g)","productLink":"https://search.shopping.naver.com/gate.nhn?id=84529167129","productImg":"https://shopping-phinf.pstatic.net/main_8452916/84529167129.jpg","maker":"","brand":"","lprice":10680},{"productId":82051919527,"productName":"꾼고기 듀록 <b>삼겹살</b> 구이용 2cm 1kg","productLink":"https://search.shopping.naver.com/gate.nhn?id=82051919527","productImg":"https://shopping-phinf.pstatic.net/main_8205191/82051919527.1.jpg","maker":"","brand":"","lprice":11900},{"productId":82438787335,"productName":"도네누 원조 볏짚 <b>삼겹살</b> 벌집 칼집 훈제 통<b>삼겹살</b> 짚불 통삼겹 500g","productLink":"https://search.shopping.naver.com/gate.nhn?id=82438787335","productImg":"https://shopping-phinf.pstatic.net/main_8243878/82438787335.jpg","maker":"","brand":"","lprice":8900},{"productId":85781541849,"productName":"[동원] 프랑스산 <b>삼겹살</b> 구이용 2kg","productLink":"https://search.shopping.naver.com/gate.nhn?id=85781541849","productImg":"https://shopping-phinf.pstatic.net/main_8578154/85781541849.1.jpg","maker":"동원홈푸드","brand":"동원홈푸드","lprice":19900},{"productId":12766960740,"productName":"[6다이닝]이베리코 듀록 플루마 목살 갈비살 항정살 황제살 악어살 돈마호크 대패<b>삼겹살</b>","productLink":"https://search.shopping.naver.com/gate.nhn?id=12766960740","productImg":"https://shopping-phinf.pstatic.net/main_1276696/12766960740.jpg","maker":"","brand":"","lprice":9800},{"productId":82131789449,"productName":"초벌<b>삼겹살</b> 캠핑<b>삼겹살</b> 삼초전 연기 냄새 없는 구운 <b>삼겹살</b> 800g","productLink":"https://search.shopping.naver.com/gate.nhn?id=82131789449","productImg":"https://shopping-phinf.pstatic.net/main_8213178/82131789449.3.jpg","maker":"","brand":"","lprice":19800},{"productId":82272307532,"productName":"삼초전 캠핑 여행 바베큐 초벌<b>삼겹살</b>1000g 촌놈떡갈비","productLink":"https://search.shopping.naver.com/gate.nhn?id=82272307532","productImg":"https://shopping-phinf.pstatic.net/main_8227230/82272307532.1.jpg","maker":"","brand":"","lprice":20000}]
    Forwarded URL = null
   Redirected URL = null
          Cookies = []
]]></system-out>
  <system-err><![CDATA[]]></system-err>
</testsuite>
